2025-03-31 00:59:48:5948 [31merror[39m: [31mUser already exists[39m
2025-03-31 01:01:11:111 [31merror[39m: [31mSomething went wrong[39m
2025-03-31 01:01:11:111 [31merror[39m: [31mSomething went wrong[39m
2025-03-31 01:01:21:121 [31merror[39m: [31mSomething went wrong[39m
2025-03-31 01:01:52:152 [31merror[39m: [31mWrong credentials[39m
2025-03-31 01:01:59:159 [31merror[39m: [31mWrong credentials[39m
2025-03-31 01:02:11:211 [31merror[39m: [31mNo Such User[39m
2025-04-02 00:59:12:5912 [31merror[39m: [31mUser already exists[39m
2025-04-04 00:12:11:1211 [31merror[39m: [31mUser already exists[39m
2025-04-04 00:13:05:135 [31merror[39m: [31mUser already exists[39m
2025-04-04 00:14:27:1427 [31merror[39m: [31mUser already exists[39m
2025-04-04 00:24:12:2412 [31merror[39m: [31mUser already exists[39m
2025-04-04 00:29:38:2938 [31merror[39m: [31mUser already exists[39m
2025-04-04 00:34:55:3455 [31merror[39m: [31mUser already exists[39m
2025-04-04 00:42:34:4234 [31merror[39m: [31mWrong credentials[39m
2025-04-04 00:42:40:4240 [31merror[39m: [31mNo Such User[39m
2025-04-04 00:44:01:441 [31merror[39m: [31mWrong credentials[39m
2025-04-04 00:44:31:4431 [31merror[39m: [31mWrong credentials[39m
2025-04-04 11:47:24:4724 [31merror[39m: [31mWrong credentials[39m
2025-04-04 23:39:20:3920 [31merror[39m: [31mUnauthorized[39m
2025-04-04 23:39:20:3920 [31merror[39m: [31mUnauthorized[39m
2025-04-04 23:39:20:3920 [31merror[39m: [31mUnauthorized[39m
2025-04-04 23:39:20:3920 [31merror[39m: [31mUnauthorized[39m
2025-04-04 23:39:24:3924 [31merror[39m: [31mUnauthorized[39m
2025-04-04 23:39:24:3924 [31merror[39m: [31mUnauthorized[39m
2025-04-04 23:39:25:3925 [31merror[39m: [31mUnauthorized[39m
2025-04-04 23:39:25:3925 [31merror[39m: [31mUnauthorized[39m
2025-04-04 23:39:25:3925 [31merror[39m: [31mUnauthorized[39m
2025-04-04 23:39:25:3925 [31merror[39m: [31mUnauthorized[39m
2025-04-04 23:39:25:3925 [31merror[39m: [31mUnauthorized[39m
2025-04-04 23:39:25:3925 [31merror[39m: [31mUnauthorized[39m
2025-04-04 23:39:25:3925 [31merror[39m: [31mUnauthorized[39m
2025-04-04 23:40:10:4010 [31merror[39m: [31mUnauthorized[39m
2025-04-04 23:40:10:4010 [31merror[39m: [31mUnauthorized[39m
2025-04-04 23:40:10:4010 [31merror[39m: [31mUnauthorized[39m
2025-04-04 23:40:10:4010 [31merror[39m: [31mUnauthorized[39m
2025-04-04 23:40:14:4014 [31merror[39m: [31mUnauthorized[39m
2025-04-04 23:40:14:4014 [31merror[39m: [31mUnauthorized[39m
2025-04-04 23:40:14:4014 [31merror[39m: [31mUnauthorized[39m
2025-04-04 23:40:14:4014 [31merror[39m: [31mUnauthorized[39m
2025-04-04 23:40:14:4014 [31merror[39m: [31mUnauthorized[39m
2025-04-04 23:40:14:4014 [31merror[39m: [31mUnauthorized[39m
2025-04-04 23:40:14:4014 [31merror[39m: [31mUnauthorized[39m
2025-04-04 23:40:15:4015 [31merror[39m: [31mUnauthorized[39m
2025-04-04 23:40:15:4015 [31merror[39m: [31mUnauthorized[39m
2025-04-04 23:40:37:4037 [31merror[39m: [31mUnauthorized[39m
2025-04-04 23:40:37:4037 [31merror[39m: [31mUnauthorized[39m
2025-04-04 23:40:37:4037 [31merror[39m: [31mUnauthorized[39m
2025-04-04 23:40:38:4038 [31merror[39m: [31mUnauthorized[39m
2025-04-04 23:40:38:4038 [31merror[39m: [31mUnauthorized[39m
2025-04-04 23:40:38:4038 [31merror[39m: [31mUnauthorized[39m
2025-04-04 23:40:38:4038 [31merror[39m: [31mUnauthorized[39m
2025-04-04 23:40:38:4038 [31merror[39m: [31mUnauthorized[39m
2025-04-04 23:40:38:4038 [31merror[39m: [31mUnauthorized[39m
2025-04-04 23:40:43:4043 [31merror[39m: [31mUnauthorized[39m
2025-04-04 23:40:43:4043 [31merror[39m: [31mUnauthorized[39m
2025-04-04 23:40:43:4043 [31merror[39m: [31mUnauthorized[39m
2025-04-04 23:40:43:4043 [31merror[39m: [31mUnauthorized[39m
2025-04-04 23:40:43:4043 [31merror[39m: [31mUnauthorized[39m
2025-04-04 23:40:43:4043 [31merror[39m: [31mUnauthorized[39m
2025-04-04 23:40:43:4043 [31merror[39m: [31mUnauthorized[39m
2025-04-04 23:40:43:4043 [31merror[39m: [31mUnauthorized[39m
2025-04-04 23:40:44:4044 [31merror[39m: [31mUnauthorized[39m
2025-04-04 23:41:29:4129 [31merror[39m: [31mUnauthorized[39m
2025-04-04 23:41:29:4129 [31merror[39m: [31mUnauthorized[39m
2025-04-04 23:41:29:4129 [31merror[39m: [31mUnauthorized[39m
2025-04-04 23:41:29:4129 [31merror[39m: [31mUnauthorized[39m
2025-04-04 23:41:29:4129 [31merror[39m: [31mUnauthorized[39m
2025-04-04 23:41:29:4129 [31merror[39m: [31mUnauthorized[39m
2025-04-04 23:41:29:4129 [31merror[39m: [31mUnauthorized[39m
2025-04-04 23:41:29:4129 [31merror[39m: [31mUnauthorized[39m
2025-04-04 23:41:30:4130 [31merror[39m: [31mUnauthorized[39m
2025-04-04 23:41:46:4146 [31merror[39m: [31mUnauthorized[39m
2025-04-04 23:41:47:4147 [31merror[39m: [31mUnauthorized[39m
2025-04-04 23:41:47:4147 [31merror[39m: [31mUnauthorized[39m
2025-04-04 23:41:47:4147 [31merror[39m: [31mUnauthorized[39m
2025-04-04 23:41:47:4147 [31merror[39m: [31mUnauthorized[39m
2025-04-04 23:41:47:4147 [31merror[39m: [31mUnauthorized[39m
2025-04-04 23:41:47:4147 [31merror[39m: [31mUnauthorized[39m
2025-04-04 23:41:47:4147 [31merror[39m: [31mUnauthorized[39m
2025-04-04 23:41:47:4147 [31merror[39m: [31mUnauthorized[39m
2025-04-04 23:41:54:4154 [31merror[39m: [31mUnauthorized[39m
2025-04-04 23:41:54:4154 [31merror[39m: [31mUnauthorized[39m
2025-04-04 23:41:54:4154 [31merror[39m: [31mUnauthorized[39m
2025-04-04 23:41:54:4154 [31merror[39m: [31mUnauthorized[39m
2025-04-04 23:41:54:4154 [31merror[39m: [31mUnauthorized[39m
2025-04-04 23:41:54:4154 [31merror[39m: [31mUnauthorized[39m
2025-04-04 23:41:54:4154 [31merror[39m: [31mUnauthorized[39m
2025-04-04 23:41:54:4154 [31merror[39m: [31mUnauthorized[39m
2025-04-04 23:41:54:4154 [31merror[39m: [31mUnauthorized[39m
2025-04-04 23:42:24:4224 [31merror[39m: [31mUnauthorized[39m
2025-04-04 23:42:24:4224 [31merror[39m: [31mUnauthorized[39m
2025-04-04 23:42:24:4224 [31merror[39m: [31mUnauthorized[39m
2025-04-04 23:42:24:4224 [31merror[39m: [31mUnauthorized[39m
2025-04-04 23:42:24:4224 [31merror[39m: [31mUnauthorized[39m
2025-04-04 23:42:24:4224 [31merror[39m: [31mUnauthorized[39m
2025-04-04 23:42:24:4224 [31merror[39m: [31mUnauthorized[39m
2025-04-04 23:42:24:4224 [31merror[39m: [31mUnauthorized[39m
2025-04-04 23:42:24:4224 [31merror[39m: [31mUnauthorized[39m
2025-04-04 23:42:55:4255 [31merror[39m: [31mUnauthorized[39m
2025-04-04 23:42:55:4255 [31merror[39m: [31mUnauthorized[39m
2025-04-04 23:42:55:4255 [31merror[39m: [31mUnauthorized[39m
2025-04-04 23:42:55:4255 [31merror[39m: [31mUnauthorized[39m
2025-04-04 23:42:58:4258 [31merror[39m: [31mUnauthorized[39m
2025-04-04 23:42:59:4259 [31merror[39m: [31mUnauthorized[39m
2025-04-04 23:42:59:4259 [31merror[39m: [31mUnauthorized[39m
2025-04-04 23:42:59:4259 [31merror[39m: [31mUnauthorized[39m
2025-04-04 23:42:59:4259 [31merror[39m: [31mUnauthorized[39m
2025-04-04 23:42:59:4259 [31merror[39m: [31mUnauthorized[39m
2025-04-04 23:42:59:4259 [31merror[39m: [31mUnauthorized[39m
2025-04-04 23:42:59:4259 [31merror[39m: [31mUnauthorized[39m
2025-04-04 23:42:59:4259 [31merror[39m: [31mUnauthorized[39m
2025-04-04 23:43:38:4338 [31merror[39m: [31mUnauthorized[39m
2025-04-04 23:43:38:4338 [31merror[39m: [31mUnauthorized[39m
2025-04-04 23:43:38:4338 [31merror[39m: [31mUnauthorized[39m
2025-04-04 23:43:38:4338 [31merror[39m: [31mUnauthorized[39m
2025-04-04 23:43:47:4347 [31merror[39m: [31mUnauthorized[39m
2025-04-04 23:43:48:4348 [31merror[39m: [31mUnauthorized[39m
2025-04-04 23:43:48:4348 [31merror[39m: [31mUnauthorized[39m
2025-04-04 23:43:48:4348 [31merror[39m: [31mUnauthorized[39m
2025-04-04 23:43:53:4353 [31merror[39m: [31mUnauthorized[39m
2025-04-04 23:43:53:4353 [31merror[39m: [31mUnauthorized[39m
2025-04-04 23:43:53:4353 [31merror[39m: [31mUnauthorized[39m
2025-04-04 23:43:53:4353 [31merror[39m: [31mUnauthorized[39m
2025-04-04 23:43:53:4353 [31merror[39m: [31mUnauthorized[39m
2025-04-04 23:43:53:4353 [31merror[39m: [31mUnauthorized[39m
2025-04-04 23:43:53:4353 [31merror[39m: [31mUnauthorized[39m
2025-04-04 23:43:54:4354 [31merror[39m: [31mUnauthorized[39m
2025-04-04 23:43:54:4354 [31merror[39m: [31mUnauthorized[39m
2025-04-04 23:44:14:4414 [31merror[39m: [31mUnauthorized[39m
2025-04-04 23:44:14:4414 [31merror[39m: [31mUnauthorized[39m
2025-04-04 23:44:14:4414 [31merror[39m: [31mUnauthorized[39m
2025-04-04 23:44:14:4414 [31merror[39m: [31mUnauthorized[39m
2025-04-04 23:44:18:4418 [31merror[39m: [31mUnauthorized[39m
2025-04-04 23:44:18:4418 [31merror[39m: [31mUnauthorized[39m
2025-04-04 23:44:18:4418 [31merror[39m: [31mUnauthorized[39m
2025-04-04 23:44:18:4418 [31merror[39m: [31mUnauthorized[39m
2025-04-04 23:44:18:4418 [31merror[39m: [31mUnauthorized[39m
2025-04-04 23:44:18:4418 [31merror[39m: [31mUnauthorized[39m
2025-04-04 23:44:18:4418 [31merror[39m: [31mUnauthorized[39m
2025-04-04 23:44:19:4419 [31merror[39m: [31mUnauthorized[39m
2025-04-04 23:44:19:4419 [31merror[39m: [31mUnauthorized[39m
2025-04-04 23:45:11:4511 [31merror[39m: [31mUnauthorized[39m
2025-04-04 23:45:11:4511 [31merror[39m: [31mUnauthorized[39m
2025-04-04 23:45:11:4511 [31merror[39m: [31mUnauthorized[39m
2025-04-04 23:45:11:4511 [31merror[39m: [31mUnauthorized[39m
2025-04-04 23:45:24:4524 [31merror[39m: [31mUnauthorized[39m
2025-04-04 23:45:24:4524 [31merror[39m: [31mUnauthorized[39m
2025-04-04 23:45:24:4524 [31merror[39m: [31mUnauthorized[39m
2025-04-04 23:45:24:4524 [31merror[39m: [31mUnauthorized[39m
2025-04-04 23:45:24:4524 [31merror[39m: [31mUnauthorized[39m
2025-04-04 23:45:24:4524 [31merror[39m: [31mUnauthorized[39m
2025-04-04 23:45:24:4524 [31merror[39m: [31mUnauthorized[39m
2025-04-04 23:45:24:4524 [31merror[39m: [31mUnauthorized[39m
2025-04-04 23:45:25:4525 [31merror[39m: [31mUnauthorized[39m
2025-04-04 23:47:54:4754 [31merror[39m: [31mUnauthorized[39m
2025-04-04 23:47:54:4754 [31merror[39m: [31mUnauthorized[39m
2025-04-04 23:47:54:4754 [31merror[39m: [31mUnauthorized[39m
2025-04-04 23:47:54:4754 [31merror[39m: [31mUnauthorized[39m
2025-04-04 23:47:54:4754 [31merror[39m: [31mUnauthorized[39m
2025-04-04 23:47:54:4754 [31merror[39m: [31mUnauthorized[39m
2025-04-04 23:47:54:4754 [31merror[39m: [31mUnauthorized[39m
2025-04-04 23:47:54:4754 [31merror[39m: [31mUnauthorized[39m
2025-04-04 23:47:55:4755 [31merror[39m: [31mUnauthorized[39m
2025-04-04 23:48:20:4820 [31merror[39m: [31mUnauthorized[39m
2025-04-04 23:48:20:4820 [31merror[39m: [31mUnauthorized[39m
2025-04-04 23:48:20:4820 [31merror[39m: [31mUnauthorized[39m
2025-04-04 23:48:20:4820 [31merror[39m: [31mUnauthorized[39m
2025-04-04 23:48:23:4823 [31merror[39m: [31mUnauthorized[39m
2025-04-04 23:48:23:4823 [31merror[39m: [31mUnauthorized[39m
2025-04-04 23:48:23:4823 [31merror[39m: [31mUnauthorized[39m
2025-04-04 23:48:23:4823 [31merror[39m: [31mUnauthorized[39m
2025-04-04 23:48:23:4823 [31merror[39m: [31mUnauthorized[39m
2025-04-04 23:48:23:4823 [31merror[39m: [31mUnauthorized[39m
2025-04-04 23:48:23:4823 [31merror[39m: [31mUnauthorized[39m
2025-04-04 23:48:24:4824 [31merror[39m: [31mUnauthorized[39m
2025-04-04 23:48:24:4824 [31merror[39m: [31mUnauthorized[39m
2025-04-04 23:48:47:4847 [31merror[39m: [31mUnauthorized[39m
2025-04-04 23:48:47:4847 [31merror[39m: [31mUnauthorized[39m
2025-04-04 23:48:47:4847 [31merror[39m: [31mUnauthorized[39m
2025-04-04 23:48:47:4847 [31merror[39m: [31mUnauthorized[39m
2025-04-04 23:49:03:493 [31merror[39m: [31mUnauthorized[39m
2025-04-04 23:49:04:494 [31merror[39m: [31mUnauthorized[39m
2025-04-04 23:49:04:494 [31merror[39m: [31mUnauthorized[39m
2025-04-04 23:49:04:494 [31merror[39m: [31mUnauthorized[39m
2025-04-04 23:49:04:494 [31merror[39m: [31mUnauthorized[39m
2025-04-04 23:49:04:494 [31merror[39m: [31mUnauthorized[39m
2025-04-04 23:49:04:494 [31merror[39m: [31mUnauthorized[39m
2025-04-04 23:49:05:495 [31merror[39m: [31mUnauthorized[39m
2025-04-04 23:49:05:495 [31merror[39m: [31mUnauthorized[39m
2025-04-04 23:49:28:4928 [31merror[39m: [31mUnauthorized[39m
2025-04-04 23:49:28:4928 [31merror[39m: [31mUnauthorized[39m
2025-04-04 23:49:28:4928 [31merror[39m: [31mUnauthorized[39m
2025-04-04 23:49:28:4928 [31merror[39m: [31mUnauthorized[39m
2025-04-04 23:51:30:5130 [31merror[39m: [31mUnauthorized[39m
2025-04-04 23:51:30:5130 [31merror[39m: [31mUnauthorized[39m
2025-04-04 23:51:30:5130 [31merror[39m: [31mUnauthorized[39m
2025-04-04 23:51:30:5130 [31merror[39m: [31mUnauthorized[39m
2025-04-04 23:51:30:5130 [31merror[39m: [31mUnauthorized[39m
2025-04-04 23:51:30:5130 [31merror[39m: [31mUnauthorized[39m
2025-04-04 23:51:30:5130 [31merror[39m: [31mUnauthorized[39m
2025-04-04 23:51:31:5131 [31merror[39m: [31mUnauthorized[39m
2025-04-04 23:51:31:5131 [31merror[39m: [31mUnauthorized[39m
2025-04-04 23:52:08:528 [31merror[39m: [31mUnauthorized[39m
2025-04-04 23:52:08:528 [31merror[39m: [31mUnauthorized[39m
2025-04-04 23:52:08:528 [31merror[39m: [31mUnauthorized[39m
2025-04-04 23:52:08:528 [31merror[39m: [31mUnauthorized[39m
2025-04-04 23:52:08:528 [31merror[39m: [31mUnauthorized[39m
2025-04-04 23:52:08:528 [31merror[39m: [31mUnauthorized[39m
2025-04-04 23:52:08:528 [31merror[39m: [31mUnauthorized[39m
2025-04-04 23:52:09:529 [31merror[39m: [31mUnauthorized[39m
2025-04-04 23:52:09:529 [31merror[39m: [31mUnauthorized[39m
2025-04-04 23:55:05:555 [31merror[39m: [31mUnauthorized[39m
2025-04-04 23:55:05:555 [31merror[39m: [31mUnauthorized[39m
2025-04-04 23:55:13:5513 [31merror[39m: [31mUnauthorized[39m
2025-04-04 23:55:13:5513 [31merror[39m: [31mUnauthorized[39m
2025-04-04 23:55:13:5513 [31merror[39m: [31mUnauthorized[39m
2025-04-04 23:55:13:5513 [31merror[39m: [31mUnauthorized[39m
2025-04-04 23:55:24:5524 [31merror[39m: [31mUnauthorized[39m
2025-04-04 23:55:24:5524 [31merror[39m: [31mUnauthorized[39m
2025-04-04 23:55:24:5524 [31merror[39m: [31mUnauthorized[39m
2025-04-04 23:55:24:5524 [31merror[39m: [31mUnauthorized[39m
2025-04-04 23:55:59:5559 [31merror[39m: [31mUnauthorized[39m
2025-04-04 23:56:00:560 [31merror[39m: [31mUnauthorized[39m
2025-04-04 23:56:00:560 [31merror[39m: [31mUnauthorized[39m
2025-04-04 23:56:00:560 [31merror[39m: [31mUnauthorized[39m
2025-04-04 23:56:00:560 [31merror[39m: [31mUnauthorized[39m
2025-04-04 23:56:00:560 [31merror[39m: [31mUnauthorized[39m
2025-04-04 23:56:00:560 [31merror[39m: [31mUnauthorized[39m
2025-04-04 23:56:01:561 [31merror[39m: [31mUnauthorized[39m
2025-04-04 23:57:46:5746 [31merror[39m: [31mUnauthorized[39m
2025-04-04 23:57:46:5746 [31merror[39m: [31mUnauthorized[39m
2025-04-04 23:57:46:5746 [31merror[39m: [31mUnauthorized[39m
2025-04-04 23:57:46:5746 [31merror[39m: [31mUnauthorized[39m
2025-04-04 23:57:49:5749 [31merror[39m: [31mUnauthorized[39m
2025-04-04 23:57:49:5749 [31merror[39m: [31mUnauthorized[39m
2025-04-04 23:57:49:5749 [31merror[39m: [31mUnauthorized[39m
2025-04-04 23:57:49:5749 [31merror[39m: [31mUnauthorized[39m
2025-04-04 23:57:49:5749 [31merror[39m: [31mUnauthorized[39m
2025-04-04 23:57:49:5749 [31merror[39m: [31mUnauthorized[39m
2025-04-04 23:57:49:5749 [31merror[39m: [31mUnauthorized[39m
2025-04-04 23:57:50:5750 [31merror[39m: [31mUnauthorized[39m
2025-04-04 23:57:50:5750 [31merror[39m: [31mUnauthorized[39m
2025-04-05 00:01:29:129 [31merror[39m: [31mjwt malformed[39m
2025-04-05 00:01:29:129 [31merror[39m: [31mjwt malformed[39m
2025-04-05 00:01:29:129 [31merror[39m: [31mjwt malformed[39m
2025-04-05 00:01:30:130 [31merror[39m: [31mjwt malformed[39m
2025-04-05 00:01:30:130 [31merror[39m: [31mjwt malformed[39m
2025-04-05 00:01:30:130 [31merror[39m: [31mjwt malformed[39m
2025-04-05 00:01:30:130 [31merror[39m: [31mjwt malformed[39m
2025-04-05 00:01:30:130 [31merror[39m: [31mjwt malformed[39m
2025-04-05 00:01:30:130 [31merror[39m: [31mjwt malformed[39m
2025-04-05 00:01:57:157 [31merror[39m: [31mjwt malformed[39m
2025-04-05 00:01:57:157 [31merror[39m: [31mjwt malformed[39m
2025-04-05 00:01:57:157 [31merror[39m: [31mjwt malformed[39m
2025-04-05 00:01:57:157 [31merror[39m: [31mjwt malformed[39m
2025-04-05 00:01:57:157 [31merror[39m: [31mjwt malformed[39m
2025-04-05 00:01:57:157 [31merror[39m: [31mjwt malformed[39m
2025-04-05 00:01:57:157 [31merror[39m: [31mjwt malformed[39m
2025-04-05 00:01:57:157 [31merror[39m: [31mjwt malformed[39m
2025-04-05 00:01:58:158 [31merror[39m: [31mjwt malformed[39m
2025-04-05 00:02:04:24 [31merror[39m: [31mjwt malformed[39m
2025-04-05 00:02:04:24 [31merror[39m: [31mjwt malformed[39m
2025-04-05 00:02:04:24 [31merror[39m: [31mjwt malformed[39m
2025-04-05 00:02:04:24 [31merror[39m: [31mjwt malformed[39m
2025-04-05 00:02:04:24 [31merror[39m: [31mjwt malformed[39m
2025-04-05 00:02:04:24 [31merror[39m: [31mjwt malformed[39m
2025-04-05 00:02:04:24 [31merror[39m: [31mjwt malformed[39m
2025-04-05 00:02:05:25 [31merror[39m: [31mjwt malformed[39m
2025-04-05 00:02:05:25 [31merror[39m: [31mjwt malformed[39m
2025-04-05 00:02:08:28 [31merror[39m: [31mjwt malformed[39m
2025-04-05 00:02:08:28 [31merror[39m: [31mjwt malformed[39m
2025-04-05 00:02:09:29 [31merror[39m: [31mjwt malformed[39m
2025-04-05 00:02:15:215 [31merror[39m: [31mjwt malformed[39m
2025-04-05 00:02:15:215 [31merror[39m: [31mjwt malformed[39m
2025-04-05 00:02:20:220 [31merror[39m: [31mjwt malformed[39m
2025-04-05 00:02:20:220 [31merror[39m: [31mjwt malformed[39m
2025-04-05 00:02:21:221 [31merror[39m: [31mjwt malformed[39m
2025-04-05 00:02:21:221 [31merror[39m: [31mjwt malformed[39m
2025-04-05 00:02:21:221 [31merror[39m: [31mjwt malformed[39m
2025-04-05 00:02:21:221 [31merror[39m: [31mjwt malformed[39m
2025-04-05 00:02:21:221 [31merror[39m: [31mjwt malformed[39m
2025-04-05 00:02:21:221 [31merror[39m: [31mjwt malformed[39m
2025-04-05 00:02:21:221 [31merror[39m: [31mjwt malformed[39m
2025-04-05 00:03:48:348 [31merror[39m: [31mjwt malformed[39m
2025-04-05 00:03:48:348 [31merror[39m: [31mjwt malformed[39m
2025-04-05 00:03:48:348 [31merror[39m: [31mjwt malformed[39m
2025-04-05 00:03:48:348 [31merror[39m: [31mjwt malformed[39m
2025-04-05 00:03:48:348 [31merror[39m: [31mjwt malformed[39m
2025-04-05 00:03:48:348 [31merror[39m: [31mjwt malformed[39m
2025-04-05 00:03:48:348 [31merror[39m: [31mjwt malformed[39m
2025-04-05 00:03:49:349 [31merror[39m: [31mjwt malformed[39m
2025-04-05 00:03:49:349 [31merror[39m: [31mjwt malformed[39m
2025-04-05 00:04:44:444 [31merror[39m: [31mjwt malformed[39m
2025-04-05 00:04:44:444 [31merror[39m: [31mjwt malformed[39m
2025-04-05 00:04:44:444 [31merror[39m: [31mjwt malformed[39m
2025-04-05 00:04:44:444 [31merror[39m: [31mjwt malformed[39m
2025-04-05 00:04:56:456 [31merror[39m: [31mjwt malformed[39m
2025-04-05 00:04:57:457 [31merror[39m: [31mjwt malformed[39m
2025-04-05 00:04:57:457 [31merror[39m: [31mjwt malformed[39m
2025-04-05 00:04:57:457 [31merror[39m: [31mjwt malformed[39m
2025-04-05 00:04:57:457 [31merror[39m: [31mjwt malformed[39m
2025-04-05 00:04:57:457 [31merror[39m: [31mjwt malformed[39m
2025-04-05 00:04:57:457 [31merror[39m: [31mjwt malformed[39m
2025-04-05 00:04:58:458 [31merror[39m: [31mjwt malformed[39m
2025-04-05 00:04:58:458 [31merror[39m: [31mjwt malformed[39m
2025-04-05 00:09:52:952 [31merror[39m: [31mjwt malformed[39m
2025-04-05 00:09:52:952 [31merror[39m: [31mjwt malformed[39m
2025-04-05 00:09:52:952 [31merror[39m: [31mjwt malformed[39m
2025-04-05 00:09:52:952 [31merror[39m: [31mjwt malformed[39m
2025-04-05 00:09:52:952 [31merror[39m: [31mjwt malformed[39m
2025-04-05 00:09:52:952 [31merror[39m: [31mjwt malformed[39m
2025-04-05 00:09:52:952 [31merror[39m: [31mjwt malformed[39m
2025-04-05 00:09:52:952 [31merror[39m: [31mjwt malformed[39m
2025-04-05 00:09:53:953 [31merror[39m: [31mjwt malformed[39m
2025-04-05 00:10:52:1052 [31merror[39m: [31minvalid token[39m
2025-04-05 00:11:57:1157 [31merror[39m: [31minvalid token[39m
2025-04-05 00:13:28:1328 [31merror[39m: [31minvalid token[39m
2025-04-05 00:14:09:149 [31merror[39m: [31minvalid token[39m
2025-04-05 00:14:48:1448 [31merror[39m: [31mjwt malformed[39m
2025-04-05 00:14:48:1448 [31merror[39m: [31mjwt malformed[39m
2025-04-05 00:16:52:1652 [31merror[39m: [31mjwt malformed[39m
2025-04-05 00:16:52:1652 [31merror[39m: [31mjwt malformed[39m
2025-04-05 00:16:52:1652 [31merror[39m: [31mjwt malformed[39m
2025-04-05 00:16:52:1652 [31merror[39m: [31mjwt malformed[39m
2025-04-05 00:16:52:1652 [31merror[39m: [31mjwt malformed[39m
2025-04-05 00:16:52:1652 [31merror[39m: [31mjwt malformed[39m
2025-04-05 00:16:52:1652 [31merror[39m: [31mjwt malformed[39m
2025-04-05 00:16:52:1652 [31merror[39m: [31mjwt malformed[39m
2025-04-05 00:16:52:1652 [31merror[39m: [31mjwt malformed[39m
2025-04-05 00:16:54:1654 [31merror[39m: [31mjwt malformed[39m
2025-04-05 00:16:54:1654 [31merror[39m: [31mjwt malformed[39m
2025-04-05 00:16:54:1654 [31merror[39m: [31mjwt malformed[39m
2025-04-05 00:16:54:1654 [31merror[39m: [31mjwt malformed[39m
2025-04-05 00:16:54:1654 [31merror[39m: [31mjwt malformed[39m
2025-04-05 00:16:54:1654 [31merror[39m: [31mjwt malformed[39m
2025-04-05 00:16:54:1654 [31merror[39m: [31mjwt malformed[39m
2025-04-05 00:16:54:1654 [31merror[39m: [31mjwt malformed[39m
2025-04-05 00:16:55:1655 [31merror[39m: [31mjwt malformed[39m
2025-04-05 00:18:51:1851 [31merror[39m: [31mjwt malformed[39m
2025-04-05 00:18:53:1853 [31merror[39m: [31mjwt malformed[39m
2025-04-05 00:18:53:1853 [31merror[39m: [31mjwt malformed[39m
2025-04-05 00:18:53:1853 [31merror[39m: [31mjwt malformed[39m
2025-04-05 00:18:53:1853 [31merror[39m: [31mjwt malformed[39m
2025-04-05 00:18:53:1853 [31merror[39m: [31mjwt malformed[39m
2025-04-05 00:18:53:1853 [31merror[39m: [31mjwt malformed[39m
2025-04-05 00:18:54:1854 [31merror[39m: [31mjwt malformed[39m
2025-04-05 00:19:10:1910 [31merror[39m: [31mjwt malformed[39m
2025-04-05 00:19:10:1910 [31merror[39m: [31mjwt malformed[39m
2025-04-05 00:19:10:1910 [31merror[39m: [31mjwt malformed[39m
2025-04-05 00:19:10:1910 [31merror[39m: [31mjwt malformed[39m
2025-04-05 00:19:10:1910 [31merror[39m: [31mjwt malformed[39m
2025-04-05 00:19:10:1910 [31merror[39m: [31mjwt malformed[39m
2025-04-05 00:19:11:1911 [31merror[39m: [31mjwt malformed[39m
2025-04-05 00:19:11:1911 [31merror[39m: [31mjwt malformed[39m
2025-04-05 00:19:11:1911 [31merror[39m: [31mjwt malformed[39m
2025-04-05 00:19:11:1911 [31merror[39m: [31mjwt malformed[39m
2025-04-05 00:19:11:1911 [31merror[39m: [31mjwt malformed[39m
2025-04-05 00:19:12:1912 [31merror[39m: [31mjwt malformed[39m
2025-04-05 00:19:12:1912 [31merror[39m: [31mjwt malformed[39m
2025-04-05 00:19:12:1912 [31merror[39m: [31mjwt malformed[39m
2025-04-05 00:19:12:1912 [31merror[39m: [31mjwt malformed[39m
2025-04-05 00:19:12:1912 [31merror[39m: [31mjwt malformed[39m
2025-04-05 00:19:12:1912 [31merror[39m: [31mjwt malformed[39m
2025-04-05 00:19:13:1913 [31merror[39m: [31mjwt malformed[39m
2025-04-05 00:19:13:1913 [31merror[39m: [31mjwt malformed[39m
2025-04-05 00:19:23:1923 [31merror[39m: [31mjwt malformed[39m
2025-04-05 00:19:23:1923 [31merror[39m: [31mjwt malformed[39m
2025-04-05 00:19:23:1923 [31merror[39m: [31mjwt malformed[39m
2025-04-05 00:19:23:1923 [31merror[39m: [31mjwt malformed[39m
2025-04-05 00:19:23:1923 [31merror[39m: [31mjwt malformed[39m
2025-04-05 00:19:23:1923 [31merror[39m: [31mjwt malformed[39m
2025-04-05 00:19:24:1924 [31merror[39m: [31mjwt malformed[39m
2025-04-05 00:19:24:1924 [31merror[39m: [31mjwt malformed[39m
2025-04-05 00:19:24:1924 [31merror[39m: [31mjwt malformed[39m
2025-04-05 00:19:24:1924 [31merror[39m: [31mjwt malformed[39m
2025-04-05 00:19:28:1928 [31merror[39m: [31mjwt malformed[39m
2025-04-05 00:19:28:1928 [31merror[39m: [31mjwt malformed[39m
2025-04-05 00:19:28:1928 [31merror[39m: [31mjwt malformed[39m
2025-04-05 00:19:28:1928 [31merror[39m: [31mjwt malformed[39m
2025-04-05 00:19:28:1928 [31merror[39m: [31mjwt malformed[39m
2025-04-05 00:19:28:1928 [31merror[39m: [31mjwt malformed[39m
2025-04-05 00:19:28:1928 [31merror[39m: [31mjwt malformed[39m
2025-04-05 00:19:28:1928 [31merror[39m: [31mjwt malformed[39m
2025-04-05 00:19:29:1929 [31merror[39m: [31mjwt malformed[39m
2025-04-05 00:19:29:1929 [31merror[39m: [31mjwt malformed[39m
2025-04-05 00:19:29:1929 [31merror[39m: [31mjwt malformed[39m
2025-04-05 00:19:30:1930 [31merror[39m: [31mjwt malformed[39m
2025-04-05 00:19:30:1930 [31merror[39m: [31mjwt malformed[39m
2025-04-05 00:19:30:1930 [31merror[39m: [31mjwt malformed[39m
2025-04-05 00:19:30:1930 [31merror[39m: [31mjwt malformed[39m
2025-04-05 00:19:30:1930 [31merror[39m: [31mjwt malformed[39m
2025-04-05 00:19:30:1930 [31merror[39m: [31mjwt malformed[39m
2025-04-05 00:19:30:1930 [31merror[39m: [31mjwt malformed[39m
2025-04-05 00:19:31:1931 [31merror[39m: [31mjwt malformed[39m
2025-04-05 00:19:35:1935 [31merror[39m: [31mjwt malformed[39m
2025-04-05 00:19:35:1935 [31merror[39m: [31mjwt malformed[39m
2025-04-05 00:19:35:1935 [31merror[39m: [31mjwt malformed[39m
2025-04-05 00:19:35:1935 [31merror[39m: [31mjwt malformed[39m
2025-04-05 00:19:35:1935 [31merror[39m: [31mjwt malformed[39m
2025-04-05 00:19:35:1935 [31merror[39m: [31mjwt malformed[39m
2025-04-05 00:19:35:1935 [31merror[39m: [31mjwt malformed[39m
2025-04-05 00:19:36:1936 [31merror[39m: [31mjwt malformed[39m
2025-04-05 00:19:36:1936 [31merror[39m: [31mjwt malformed[39m
2025-04-05 00:19:48:1948 [31merror[39m: [31mjwt malformed[39m
2025-04-05 00:19:48:1948 [31merror[39m: [31mjwt malformed[39m
2025-04-05 00:19:48:1948 [31merror[39m: [31mjwt malformed[39m
2025-04-05 00:19:48:1948 [31merror[39m: [31mjwt malformed[39m
2025-04-05 00:19:48:1948 [31merror[39m: [31mjwt malformed[39m
2025-04-05 00:19:48:1948 [31merror[39m: [31mjwt malformed[39m
2025-04-05 00:19:49:1949 [31merror[39m: [31mjwt malformed[39m
2025-04-05 00:19:49:1949 [31merror[39m: [31mjwt malformed[39m
2025-04-05 00:19:58:1958 [31merror[39m: [31mjwt malformed[39m
2025-04-05 00:19:59:1959 [31merror[39m: [31mjwt malformed[39m
2025-04-05 00:19:59:1959 [31merror[39m: [31mjwt malformed[39m
2025-04-05 00:19:59:1959 [31merror[39m: [31mjwt malformed[39m
2025-04-05 00:19:59:1959 [31merror[39m: [31mjwt malformed[39m
2025-04-05 00:19:59:1959 [31merror[39m: [31mjwt malformed[39m
2025-04-05 00:19:59:1959 [31merror[39m: [31mjwt malformed[39m
2025-04-05 00:19:59:1959 [31merror[39m: [31mjwt malformed[39m
2025-04-05 00:20:00:200 [31merror[39m: [31mjwt malformed[39m
2025-04-05 00:20:00:200 [31merror[39m: [31mjwt malformed[39m
2025-04-05 00:20:16:2016 [31merror[39m: [31mjwt malformed[39m
2025-04-05 00:20:16:2016 [31merror[39m: [31mjwt malformed[39m
2025-04-05 00:20:17:2017 [31merror[39m: [31mjwt malformed[39m
2025-04-05 00:20:17:2017 [31merror[39m: [31mjwt malformed[39m
2025-04-05 00:20:17:2017 [31merror[39m: [31mjwt malformed[39m
2025-04-05 00:20:17:2017 [31merror[39m: [31mjwt malformed[39m
2025-04-05 00:20:21:2021 [31merror[39m: [31mjwt malformed[39m
2025-04-05 00:20:21:2021 [31merror[39m: [31mjwt malformed[39m
2025-04-05 00:20:21:2021 [31merror[39m: [31mjwt malformed[39m
2025-04-05 00:20:21:2021 [31merror[39m: [31mjwt malformed[39m
2025-04-05 00:20:21:2021 [31merror[39m: [31mjwt malformed[39m
2025-04-05 00:20:21:2021 [31merror[39m: [31mjwt malformed[39m
2025-04-05 00:20:52:2052 [31merror[39m: [31mjwt malformed[39m
2025-04-05 00:20:52:2052 [31merror[39m: [31mjwt malformed[39m
2025-04-05 00:20:52:2052 [31merror[39m: [31mjwt malformed[39m
2025-04-05 00:20:52:2052 [31merror[39m: [31mjwt malformed[39m
2025-04-05 00:20:52:2052 [31merror[39m: [31mjwt malformed[39m
2025-04-05 00:20:52:2052 [31merror[39m: [31mjwt malformed[39m
2025-04-05 00:20:52:2052 [31merror[39m: [31mjwt malformed[39m
2025-04-05 00:20:53:2053 [31merror[39m: [31mjwt malformed[39m
2025-04-05 00:20:53:2053 [31merror[39m: [31mjwt malformed[39m
2025-04-05 00:30:42:3042 [31merror[39m: [31mjwt malformed[39m
2025-04-05 00:30:42:3042 [31merror[39m: [31mjwt malformed[39m
2025-04-05 00:30:42:3042 [31merror[39m: [31mjwt malformed[39m
2025-04-05 00:30:42:3042 [31merror[39m: [31mjwt malformed[39m
2025-04-05 00:30:42:3042 [31merror[39m: [31mjwt malformed[39m
2025-04-05 00:30:43:3043 [31merror[39m: [31mjwt malformed[39m
2025-04-05 00:30:43:3043 [31merror[39m: [31mjwt malformed[39m
2025-04-05 00:30:43:3043 [31merror[39m: [31mjwt malformed[39m
2025-04-05 00:30:43:3043 [31merror[39m: [31mjwt malformed[39m
2025-04-05 00:30:43:3043 [31merror[39m: [31mjwt malformed[39m
2025-04-05 00:30:43:3043 [31merror[39m: [31mjwt malformed[39m
2025-04-05 00:30:43:3043 [31merror[39m: [31mjwt malformed[39m
2025-04-05 00:30:43:3043 [31merror[39m: [31mjwt malformed[39m
2025-04-05 00:30:43:3043 [31merror[39m: [31mjwt malformed[39m
2025-04-05 00:30:43:3043 [31merror[39m: [31mjwt malformed[39m
2025-04-05 00:30:44:3044 [31merror[39m: [31mjwt malformed[39m
2025-04-05 00:30:44:3044 [31merror[39m: [31mjwt malformed[39m
2025-04-05 00:30:44:3044 [31merror[39m: [31mjwt malformed[39m
2025-04-05 00:30:45:3045 [31merror[39m: [31mjwt malformed[39m
2025-04-05 00:30:56:3056 [31merror[39m: [31mjwt malformed[39m
2025-04-05 00:30:56:3056 [31merror[39m: [31mjwt malformed[39m
2025-04-05 00:30:56:3056 [31merror[39m: [31mjwt malformed[39m
2025-04-05 00:30:56:3056 [31merror[39m: [31mjwt malformed[39m
2025-04-05 00:30:56:3056 [31merror[39m: [31mjwt malformed[39m
2025-04-05 00:31:29:3129 [31merror[39m: [31mjwt malformed[39m
2025-04-05 00:31:29:3129 [31merror[39m: [31mjwt malformed[39m
2025-04-05 00:31:29:3129 [31merror[39m: [31mjwt malformed[39m
2025-04-05 00:31:29:3129 [31merror[39m: [31mjwt malformed[39m
2025-04-05 00:31:29:3129 [31merror[39m: [31mjwt malformed[39m
2025-04-05 00:32:02:322 [31merror[39m: [31mjwt malformed[39m
2025-04-05 00:32:02:322 [31merror[39m: [31mjwt malformed[39m
2025-04-05 00:32:03:323 [31merror[39m: [31mjwt malformed[39m
2025-04-05 00:32:03:323 [31merror[39m: [31mjwt malformed[39m
2025-04-05 00:32:03:323 [31merror[39m: [31mjwt malformed[39m
2025-04-05 00:32:54:3254 [31merror[39m: [31mjwt malformed[39m
2025-04-05 00:32:54:3254 [31merror[39m: [31mjwt malformed[39m
2025-04-05 00:32:57:3257 [31merror[39m: [31mjwt malformed[39m
2025-04-05 00:32:57:3257 [31merror[39m: [31mjwt malformed[39m
2025-04-05 00:36:29:3629 [31merror[39m: [31mjwt malformed[39m
2025-04-05 00:36:29:3629 [31merror[39m: [31mjwt malformed[39m
2025-04-05 00:36:29:3629 [31merror[39m: [31mjwt malformed[39m
2025-04-05 00:36:36:3636 [31merror[39m: [31mjwt malformed[39m
2025-04-05 00:36:58:3658 [31merror[39m: [31mjwt malformed[39m
2025-04-05 00:36:58:3658 [31merror[39m: [31mjwt malformed[39m
2025-04-05 00:36:58:3658 [31merror[39m: [31mjwt malformed[39m
2025-04-05 00:36:58:3658 [31merror[39m: [31mjwt malformed[39m
2025-04-05 00:40:05:405 [31merror[39m: [31mjwt malformed[39m
2025-04-05 00:40:06:406 [31merror[39m: [31mjwt malformed[39m
2025-04-05 00:40:09:409 [31merror[39m: [31mjwt malformed[39m
2025-04-05 00:40:33:4033 [31merror[39m: [31mjwt malformed[39m
2025-04-05 00:40:33:4033 [31merror[39m: [31mjwt malformed[39m
2025-04-05 00:40:38:4038 [31merror[39m: [31mjwt malformed[39m
2025-04-05 00:40:38:4038 [31merror[39m: [31mjwt malformed[39m
2025-04-05 00:40:43:4043 [31merror[39m: [31mjwt malformed[39m
2025-04-05 00:41:12:4112 [31merror[39m: [31mjwt malformed[39m
2025-04-05 00:42:23:4223 [31merror[39m: [31mUnauthorized[39m
2025-04-05 00:42:30:4230 [31merror[39m: [31mUnauthorized[39m
2025-04-05 00:42:30:4230 [31merror[39m: [31mUnauthorized[39m
2025-04-05 00:42:34:4234 [31merror[39m: [31mUnauthorized[39m
2025-04-05 00:42:34:4234 [31merror[39m: [31mUnauthorized[39m
2025-04-05 00:42:43:4243 [31merror[39m: [31mUnauthorized[39m
2025-04-05 00:43:11:4311 [31merror[39m: [31mUnauthorized[39m
2025-04-05 00:44:05:445 [31merror[39m: [31mUnauthorized[39m
2025-04-05 00:44:19:4419 [31merror[39m: [31mUnauthorized[39m
2025-04-05 00:44:19:4419 [31merror[39m: [31mUnauthorized[39m
2025-04-05 00:44:22:4422 [31merror[39m: [31mUnauthorized[39m
2025-04-05 00:44:22:4422 [31merror[39m: [31mUnauthorized[39m
2025-04-05 00:45:50:4550 [31merror[39m: [31mUnauthorized[39m
2025-04-05 00:45:51:4551 [31merror[39m: [31mUnauthorized[39m
2025-04-05 00:45:51:4551 [31merror[39m: [31mUnauthorized[39m
2025-04-05 00:45:52:4552 [31merror[39m: [31mUnauthorized[39m
2025-04-05 00:45:57:4557 [31merror[39m: [31mUnauthorized[39m
2025-04-05 00:45:57:4557 [31merror[39m: [31mUnauthorized[39m
2025-04-05 00:45:57:4557 [31merror[39m: [31mUnauthorized[39m
2025-04-05 00:45:57:4557 [31merror[39m: [31mUnauthorized[39m
2025-04-05 00:46:12:4612 [31merror[39m: [31mUnauthorized[39m
2025-04-05 00:46:12:4612 [31merror[39m: [31mUnauthorized[39m
2025-04-05 00:46:12:4612 [31merror[39m: [31mUnauthorized[39m
2025-04-05 00:46:16:4616 [31merror[39m: [31mUnauthorized[39m
2025-04-05 00:46:16:4616 [31merror[39m: [31mUnauthorized[39m
2025-04-05 00:46:16:4616 [31merror[39m: [31mUnauthorized[39m
2025-04-05 00:46:16:4616 [31merror[39m: [31mUnauthorized[39m
2025-04-05 00:47:15:4715 [31merror[39m: [31mUnauthorized[39m
2025-04-05 00:47:15:4715 [31merror[39m: [31mUnauthorized[39m
2025-04-05 00:47:15:4715 [31merror[39m: [31mUnauthorized[39m
2025-04-05 00:47:20:4720 [31merror[39m: [31mUnauthorized[39m
2025-04-05 00:47:20:4720 [31merror[39m: [31mUnauthorized[39m
2025-04-05 00:47:20:4720 [31merror[39m: [31mUnauthorized[39m
2025-04-05 00:47:24:4724 [31merror[39m: [31mUnauthorized[39m
2025-04-05 00:47:24:4724 [31merror[39m: [31mUnauthorized[39m
2025-04-05 00:47:24:4724 [31merror[39m: [31mUnauthorized[39m
2025-04-05 00:47:24:4724 [31merror[39m: [31mUnauthorized[39m
2025-04-05 00:47:33:4733 [31merror[39m: [31mUnauthorized[39m
2025-04-05 00:47:33:4733 [31merror[39m: [31mUnauthorized[39m
2025-04-05 00:47:33:4733 [31merror[39m: [31mUnauthorized[39m
2025-04-05 00:47:33:4733 [31merror[39m: [31mUnauthorized[39m
2025-04-05 00:47:52:4752 [31merror[39m: [31mUnauthorized[39m
2025-04-05 00:47:52:4752 [31merror[39m: [31mUnauthorized[39m
2025-04-05 00:47:52:4752 [31merror[39m: [31mUnauthorized[39m
2025-04-05 00:47:56:4756 [31merror[39m: [31mUnauthorized[39m
2025-04-05 00:47:56:4756 [31merror[39m: [31mUnauthorized[39m
2025-04-05 00:47:56:4756 [31merror[39m: [31mUnauthorized[39m
2025-04-05 00:47:56:4756 [31merror[39m: [31mUnauthorized[39m
2025-04-05 00:48:49:4849 [31merror[39m: [31mUnauthorized[39m
2025-04-05 00:48:49:4849 [31merror[39m: [31mUnauthorized[39m
2025-04-05 00:48:49:4849 [31merror[39m: [31mUnauthorized[39m
2025-04-05 00:48:49:4849 [31merror[39m: [31mUnauthorized[39m
2025-04-05 00:48:53:4853 [31merror[39m: [31mUnauthorized[39m
2025-04-05 00:48:53:4853 [31merror[39m: [31mUnauthorized[39m
2025-04-05 00:48:53:4853 [31merror[39m: [31mUnauthorized[39m
2025-04-05 00:48:53:4853 [31merror[39m: [31mUnauthorized[39m
2025-04-05 00:49:40:4940 [31merror[39m: [31mUnauthorized[39m
2025-04-05 00:49:40:4940 [31merror[39m: [31mUnauthorized[39m
2025-04-05 00:49:40:4940 [31merror[39m: [31mUnauthorized[39m
2025-04-05 00:49:44:4944 [31merror[39m: [31mWrong credentials[39m
2025-04-05 00:49:50:4950 [31merror[39m: [31mUnauthorized[39m
2025-04-05 00:49:50:4950 [31merror[39m: [31mUnauthorized[39m
2025-04-05 00:49:50:4950 [31merror[39m: [31mUnauthorized[39m
2025-04-05 00:49:50:4950 [31merror[39m: [31mUnauthorized[39m
2025-04-05 00:51:00:510 [31merror[39m: [31mUnauthorized[39m
2025-04-05 00:51:00:510 [31merror[39m: [31mUnauthorized[39m
2025-04-05 00:51:00:510 [31merror[39m: [31mUnauthorized[39m
2025-04-05 00:51:00:510 [31merror[39m: [31mUnauthorized[39m
2025-04-05 00:51:06:516 [31merror[39m: [31mUnauthorized[39m
2025-04-05 00:51:06:516 [31merror[39m: [31mUnauthorized[39m
2025-04-05 00:51:06:516 [31merror[39m: [31mUnauthorized[39m
2025-04-05 00:51:06:516 [31merror[39m: [31mUnauthorized[39m
2025-04-05 00:51:27:5127 [31merror[39m: [31mUnauthorized[39m
2025-04-05 00:51:27:5127 [31merror[39m: [31mUnauthorized[39m
2025-04-05 00:51:27:5127 [31merror[39m: [31mUnauthorized[39m
2025-04-05 00:51:33:5133 [31merror[39m: [31mUnauthorized[39m
2025-04-05 00:51:33:5133 [31merror[39m: [31mUnauthorized[39m
2025-04-05 00:51:33:5133 [31merror[39m: [31mUnauthorized[39m
2025-04-05 00:51:33:5133 [31merror[39m: [31mUnauthorized[39m
2025-04-05 00:52:29:5229 [31merror[39m: [31mWrong credentials[39m
2025-04-05 00:52:33:5233 [31merror[39m: [31mUnauthorized[39m
2025-04-05 00:52:33:5233 [31merror[39m: [31mUnauthorized[39m
2025-04-05 00:52:33:5233 [31merror[39m: [31mUnauthorized[39m
2025-04-05 00:52:33:5233 [31merror[39m: [31mUnauthorized[39m
2025-04-05 00:53:12:5312 [31merror[39m: [31mUnauthorized[39m
2025-04-05 00:53:13:5313 [31merror[39m: [31mUnauthorized[39m
2025-04-05 00:53:13:5313 [31merror[39m: [31mUnauthorized[39m
2025-04-05 00:53:16:5316 [31merror[39m: [31mUnauthorized[39m
2025-04-05 00:53:16:5316 [31merror[39m: [31mUnauthorized[39m
2025-04-05 00:53:16:5316 [31merror[39m: [31mUnauthorized[39m
2025-04-05 00:53:16:5316 [31merror[39m: [31mUnauthorized[39m
2025-04-05 00:53:31:5331 [31merror[39m: [31mUnauthorized[39m
2025-04-05 00:53:31:5331 [31merror[39m: [31mUnauthorized[39m
2025-04-05 00:53:31:5331 [31merror[39m: [31mUnauthorized[39m
2025-04-05 00:53:31:5331 [31merror[39m: [31mUnauthorized[39m
2025-04-05 00:56:49:5649 [31merror[39m: [31mjwt must be provided[39m
2025-04-05 00:56:49:5649 [31merror[39m: [31mjwt must be provided[39m
2025-04-05 00:56:49:5649 [31merror[39m: [31mjwt must be provided[39m
2025-04-05 00:56:49:5649 [31merror[39m: [31mjwt must be provided[39m
2025-04-05 00:57:41:5741 [31merror[39m: [31mjwt must be provided[39m
2025-04-05 00:57:41:5741 [31merror[39m: [31mjwt must be provided[39m
2025-04-05 00:57:42:5742 [31merror[39m: [31mjwt must be provided[39m
2025-04-05 00:57:42:5742 [31merror[39m: [31mjwt must be provided[39m
2025-04-05 00:58:14:5814 [31merror[39m: [31mjwt must be provided[39m
2025-04-05 00:58:14:5814 [31merror[39m: [31mjwt must be provided[39m
2025-04-05 00:58:14:5814 [31merror[39m: [31mjwt must be provided[39m
2025-04-05 00:58:14:5814 [31merror[39m: [31mjwt must be provided[39m
2025-04-05 00:58:54:5854 [31merror[39m: [31mjwt must be provided[39m
2025-04-05 00:58:56:5856 [31merror[39m: [31mjwt must be provided[39m
2025-04-05 00:58:56:5856 [31merror[39m: [31mjwt must be provided[39m
2025-04-05 00:59:09:599 [31merror[39m: [31mjwt must be provided[39m
2025-04-05 00:59:58:5958 [31merror[39m: [31mjwt must be provided[39m
2025-04-05 00:59:59:5959 [31merror[39m: [31mjwt must be provided[39m
2025-04-05 01:00:15:015 [31merror[39m: [31mjwt must be provided[39m
2025-04-05 01:02:48:248 [31merror[39m: [31mjwt must be provided[39m
2025-04-05 01:02:48:248 [31merror[39m: [31mjwt must be provided[39m
2025-04-05 01:02:52:252 [31merror[39m: [31mjwt must be provided[39m
2025-04-05 01:02:54:254 [31merror[39m: [31mjwt must be provided[39m
2025-04-05 01:02:54:254 [31merror[39m: [31mjwt must be provided[39m
2025-04-05 01:02:54:254 [31merror[39m: [31mjwt must be provided[39m
2025-04-05 01:03:05:35 [31merror[39m: [31mjwt must be provided[39m
2025-04-05 11:17:29:1729 [31merror[39m: [31mjwt must be provided[39m
2025-04-05 11:17:29:1729 [31merror[39m: [31mjwt must be provided[39m
2025-04-05 11:18:52:1852 [31merror[39m: [31mjwt must be provided[39m
2025-04-05 11:18:52:1852 [31merror[39m: [31mjwt must be provided[39m
2025-04-05 11:19:37:1937 [31merror[39m: [31mjwt must be provided[39m
2025-04-05 11:19:37:1937 [31merror[39m: [31mjwt must be provided[39m
2025-04-05 11:32:54:3254 [31merror[39m: [31mjwt must be provided[39m
2025-04-05 11:32:54:3254 [31merror[39m: [31mjwt must be provided[39m
2025-04-05 11:33:02:332 [31merror[39m: [31mjwt must be provided[39m
2025-04-05 11:33:16:3316 [31merror[39m: [31mjwt must be provided[39m
2025-04-05 11:34:27:3427 [31merror[39m: [31mjwt must be provided[39m
2025-04-05 11:34:27:3427 [31merror[39m: [31mjwt must be provided[39m
2025-04-05 11:34:33:3433 [31merror[39m: [31mjwt must be provided[39m
2025-04-05 11:34:33:3433 [31merror[39m: [31mjwt must be provided[39m
2025-04-05 11:34:39:3439 [31merror[39m: [31mjwt must be provided[39m
2025-04-05 11:34:39:3439 [31merror[39m: [31mjwt must be provided[39m
2025-04-05 11:34:39:3439 [31merror[39m: [31mjwt must be provided[39m
2025-04-05 11:34:44:3444 [31merror[39m: [31mjwt must be provided[39m
2025-04-05 11:34:45:3445 [31merror[39m: [31mjwt must be provided[39m
2025-04-05 11:34:50:3450 [31merror[39m: [31mjwt must be provided[39m
2025-04-05 11:35:18:3518 [31merror[39m: [31mjwt must be provided[39m
2025-04-05 11:35:18:3518 [31merror[39m: [31mjwt must be provided[39m
2025-04-05 11:35:23:3523 [31merror[39m: [31mjwt must be provided[39m
2025-04-05 11:35:23:3523 [31merror[39m: [31mjwt must be provided[39m
2025-04-05 11:35:23:3523 [31merror[39m: [31mjwt must be provided[39m
2025-04-05 11:35:43:3543 [31merror[39m: [31mjwt must be provided[39m
2025-04-05 11:35:43:3543 [31merror[39m: [31mjwt must be provided[39m
2025-04-05 11:36:13:3613 [31merror[39m: [31mjwt must be provided[39m
2025-04-05 11:36:13:3613 [31merror[39m: [31mjwt must be provided[39m
2025-04-05 11:36:13:3613 [31merror[39m: [31mjwt must be provided[39m
2025-04-05 11:36:27:3627 [31merror[39m: [31mjwt must be provided[39m
2025-04-05 11:36:27:3627 [31merror[39m: [31mjwt must be provided[39m
2025-04-05 11:36:27:3627 [31merror[39m: [31mjwt must be provided[39m
2025-04-05 11:37:04:374 [31merror[39m: [31mjwt must be provided[39m
2025-04-05 11:37:04:374 [31merror[39m: [31mjwt must be provided[39m
2025-04-05 11:38:08:388 [31merror[39m: [31mjwt must be provided[39m
2025-04-05 11:38:08:388 [31merror[39m: [31mjwt must be provided[39m
2025-04-05 11:38:44:3844 [31merror[39m: [31mjwt must be provided[39m
2025-04-05 11:38:44:3844 [31merror[39m: [31mjwt must be provided[39m
2025-04-05 11:38:54:3854 [31merror[39m: [31mjwt must be provided[39m
2025-04-05 11:38:54:3854 [31merror[39m: [31mjwt must be provided[39m
2025-04-05 11:38:54:3854 [31merror[39m: [31mjwt must be provided[39m
2025-04-05 11:38:54:3854 [31merror[39m: [31mjwt must be provided[39m
2025-04-05 11:38:54:3854 [31merror[39m: [31mjwt must be provided[39m
2025-04-05 11:38:59:3859 [31merror[39m: [31mjwt must be provided[39m
2025-04-05 11:38:59:3859 [31merror[39m: [31mjwt must be provided[39m
2025-04-05 11:38:59:3859 [31merror[39m: [31mjwt must be provided[39m
2025-04-05 11:40:19:4019 [31merror[39m: [31mjwt must be provided[39m
2025-04-05 11:40:19:4019 [31merror[39m: [31mjwt must be provided[39m
2025-04-05 11:40:19:4019 [31merror[39m: [31mjwt must be provided[39m
2025-04-05 11:42:21:4221 [31merror[39m: [31mjwt must be provided[39m
2025-04-05 11:42:25:4225 [31merror[39m: [31mjwt must be provided[39m
2025-04-05 11:42:34:4234 [31merror[39m: [31mjwt must be provided[39m
2025-04-05 11:42:34:4234 [31merror[39m: [31mjwt must be provided[39m
2025-04-05 11:42:38:4238 [31merror[39m: [31mjwt must be provided[39m
2025-04-05 11:42:38:4238 [31merror[39m: [31mjwt must be provided[39m
2025-04-05 11:42:38:4238 [31merror[39m: [31mjwt must be provided[39m
2025-04-05 11:45:47:4547 [31merror[39m: [31mjwt must be provided[39m
2025-04-05 11:46:55:4655 [31merror[39m: [31mjwt must be provided[39m
2025-04-05 11:46:59:4659 [31merror[39m: [31mjwt must be provided[39m
2025-04-05 11:46:59:4659 [31merror[39m: [31mjwt must be provided[39m
2025-04-05 11:46:59:4659 [31merror[39m: [31mjwt must be provided[39m
2025-04-05 11:47:02:472 [31merror[39m: [31mjwt must be provided[39m
2025-04-05 11:47:02:472 [31merror[39m: [31mjwt must be provided[39m
2025-04-05 11:47:02:472 [31merror[39m: [31mjwt must be provided[39m
2025-04-05 11:48:20:4820 [31merror[39m: [31mjwt must be provided[39m
2025-04-05 11:48:20:4820 [31merror[39m: [31mjwt must be provided[39m
2025-04-05 12:09:12:912 [31merror[39m: [31mjwt must be provided[39m
2025-04-05 12:09:12:912 [31merror[39m: [31mjwt must be provided[39m
2025-04-05 23:38:25:3825 [31merror[39m: [31mjwt must be provided[39m
2025-04-05 23:38:25:3825 [31merror[39m: [31mjwt must be provided[39m
2025-04-06 00:21:06:216 [31merror[39m: [31mjwt must be provided[39m
2025-04-06 00:21:06:216 [31merror[39m: [31mjwt must be provided[39m
2025-04-06 00:21:06:216 [31merror[39m: [31mjwt must be provided[39m
2025-04-06 00:21:06:216 [31merror[39m: [31mjwt must be provided[39m
2025-04-06 00:21:06:216 [31merror[39m: [31mjwt must be provided[39m
2025-04-06 00:24:06:246 [31merror[39m: [31mjwt must be provided[39m
2025-04-06 00:25:07:257 [31merror[39m: [31mjwt must be provided[39m
2025-04-06 00:25:07:257 [31merror[39m: [31mjwt must be provided[39m
2025-04-06 00:25:07:257 [31merror[39m: [31mjwt must be provided[39m
2025-04-06 00:35:34:3534 [31merror[39m: [31mjwt must be provided[39m
2025-04-06 00:35:34:3534 [31merror[39m: [31mjwt must be provided[39m
2025-04-06 00:35:34:3534 [31merror[39m: [31mjwt must be provided[39m
2025-04-06 00:41:19:4119 [31merror[39m: [31mjwt must be provided[39m
2025-04-06 00:41:19:4119 [31merror[39m: [31mjwt must be provided[39m
2025-04-06 00:41:19:4119 [31merror[39m: [31mjwt must be provided[39m
2025-04-06 00:49:58:4958 [31merror[39m: [31mjwt must be provided[39m
2025-04-06 00:49:59:4959 [31merror[39m: [31mjwt must be provided[39m
2025-04-06 00:49:59:4959 [31merror[39m: [31mjwt must be provided[39m
2025-04-06 01:29:16:2916 [31merror[39m: [31mjwt must be provided[39m
2025-04-06 01:29:16:2916 [31merror[39m: [31mjwt must be provided[39m
2025-04-06 01:29:48:2948 [31merror[39m: [31mjwt must be provided[39m
2025-04-06 01:29:48:2948 [31merror[39m: [31mjwt must be provided[39m
2025-04-06 01:29:48:2948 [31merror[39m: [31mjwt must be provided[39m
2025-04-06 01:29:48:2948 [31merror[39m: [31mjwt must be provided[39m
2025-04-06 01:29:48:2948 [31merror[39m: [31mjwt must be provided[39m
2025-04-06 01:30:53:3053 [31merror[39m: [31mjwt must be provided[39m
2025-04-06 01:30:53:3053 [31merror[39m: [31mjwt must be provided[39m
2025-04-06 01:30:53:3053 [31merror[39m: [31mjwt must be provided[39m
2025-04-06 01:30:53:3053 [31merror[39m: [31mjwt must be provided[39m
2025-04-06 01:30:53:3053 [31merror[39m: [31mjwt must be provided[39m
2025-04-06 01:33:35:3335 [31merror[39m: [31mjwt must be provided[39m
2025-04-06 01:33:35:3335 [31merror[39m: [31mjwt must be provided[39m
2025-04-06 01:33:35:3335 [31merror[39m: [31mjwt must be provided[39m
2025-04-06 01:33:35:3335 [31merror[39m: [31mjwt must be provided[39m
2025-04-06 01:33:35:3335 [31merror[39m: [31mjwt must be provided[39m
2025-04-06 11:02:44:244 [31merror[39m: [31mjwt must be provided[39m
2025-04-06 11:02:44:244 [31merror[39m: [31mjwt must be provided[39m
2025-04-06 11:02:44:244 [31merror[39m: [31mjwt must be provided[39m
2025-04-06 11:02:44:244 [31merror[39m: [31mjwt must be provided[39m
2025-04-06 11:02:44:244 [31merror[39m: [31mjwt must be provided[39m
2025-04-06 11:02:52:252 [31merror[39m: [31mjwt must be provided[39m
2025-04-06 11:15:38:1538 [31merror[39m: [31mjwt must be provided[39m
2025-04-06 11:16:04:164 [31merror[39m: [31mjwt must be provided[39m
2025-04-06 11:16:15:1615 [31merror[39m: [31mUser already exists[39m
2025-04-06 11:16:49:1649 [31merror[39m: [31mUser already exists[39m
2025-04-06 11:19:51:1951 [31merror[39m: [31mjwt must be provided[39m
2025-04-06 11:20:53:2053 [31merror[39m: [31mjwt must be provided[39m
2025-04-06 11:23:47:2347 [31merror[39m: [31mjwt must be provided[39m
2025-04-06 11:23:53:2353 [31merror[39m: [31mjwt must be provided[39m
2025-04-06 11:23:53:2353 [31merror[39m: [31mjwt must be provided[39m
2025-04-06 11:23:58:2358 [31merror[39m: [31mjwt must be provided[39m
2025-04-06 11:23:58:2358 [31merror[39m: [31mjwt must be provided[39m
2025-04-06 11:23:58:2358 [31merror[39m: [31mjwt must be provided[39m
2025-04-06 11:24:06:246 [31merror[39m: [31mNo Such User[39m
2025-04-06 11:24:13:2413 [31merror[39m: [31mWrong credentials[39m
2025-04-06 11:24:32:2432 [31merror[39m: [31mjwt must be provided[39m
2025-04-06 11:24:32:2432 [31merror[39m: [31mjwt must be provided[39m
2025-04-06 12:20:59:2059 [31merror[39m: [31mjwt must be provided[39m
2025-04-06 12:20:59:2059 [31merror[39m: [31mjwt must be provided[39m
2025-04-06 12:21:05:215 [31merror[39m: [31mjwt must be provided[39m
2025-04-06 12:21:05:215 [31merror[39m: [31mjwt must be provided[39m
2025-04-06 12:21:07:217 [31merror[39m: [31mjwt must be provided[39m
2025-04-06 12:21:07:217 [31merror[39m: [31mjwt must be provided[39m
2025-04-06 12:21:07:217 [31merror[39m: [31mjwt must be provided[39m
2025-04-06 12:21:07:217 [31merror[39m: [31mjwt must be provided[39m
2025-04-06 12:21:07:217 [31merror[39m: [31mjwt must be provided[39m
2025-04-06 12:21:11:2111 [31merror[39m: [31mjwt must be provided[39m
2025-04-06 12:21:11:2111 [31merror[39m: [31mjwt must be provided[39m
2025-04-06 12:21:11:2111 [31merror[39m: [31mjwt must be provided[39m
2025-04-06 12:23:31:2331 [31merror[39m: [31mjwt must be provided[39m
2025-04-06 12:23:31:2331 [31merror[39m: [31mjwt must be provided[39m
