{
  error: Error: write EPIPE
      at afterWriteDispatched (node:internal/stream_base_commons:161:15)
      at writeGeneric (node:internal/stream_base_commons:152:3)
      at WriteStream.Socket._writeGeneric (node:net:953:11)
      at WriteStream.Socket._write (node:net:965:8)
      at writeOrBuffer (node:internal/streams/writable:564:12)
      at _write (node:internal/streams/writable:493:10)
      at WriteStream.Writable.write (node:internal/streams/writable:502:10)
      at Console.log (C:\Users\SAMUAL HALDER\personal-projects\peer-interviewer-new\be-ts\node_modules\winston\lib\winston\transports\console.js:87:23)
      at Console._write (C:\Users\SAMUAL HALDER\personal-projects\peer-interviewer-new\be-ts\node_modules\winston-transport\modern.js:82:19)
      at doWrite (C:\Users\SAMUAL HALDER\personal-projects\peer-interviewer-new\be-ts\node_modules\readable-stream\lib\_stream_writable.js:390:139) {
    errno: -4047,
    code: 'EPIPE',
    syscall: 'write'
  },
  level: 'error',
  message: 'uncaughtException: write EPIPE\n' +
    'Error: write EPIPE\n' +
    '    at afterWriteDispatched (node:internal/stream_base_commons:161:15)\n' +
    '    at writeGeneric (node:internal/stream_base_commons:152:3)\n' +
    '    at WriteStream.Socket._writeGeneric (node:net:953:11)\n' +
    '    at WriteStream.Socket._write (node:net:965:8)\n' +
    '    at writeOrBuffer (node:internal/streams/writable:564:12)\n' +
    '    at _write (node:internal/streams/writable:493:10)\n' +
    '    at WriteStream.Writable.write (node:internal/streams/writable:502:10)\n' +
    '    at Console.log (C:\\Users\\SAMUAL HALDER\\personal-projects\\peer-interviewer-new\\be-ts\\node_modules\\winston\\lib\\winston\\transports\\console.js:87:23)\n' +
    '    at Console._write (C:\\Users\\SAMUAL HALDER\\personal-projects\\peer-interviewer-new\\be-ts\\node_modules\\winston-transport\\modern.js:82:19)\n' +
    '    at doWrite (C:\\Users\\SAMUAL HALDER\\personal-projects\\peer-interviewer-new\\be-ts\\node_modules\\readable-stream\\lib\\_stream_writable.js:390:139)',
  stack: 'Error: write EPIPE\n' +
    '    at afterWriteDispatched (node:internal/stream_base_commons:161:15)\n' +
    '    at writeGeneric (node:internal/stream_base_commons:152:3)\n' +
    '    at WriteStream.Socket._writeGeneric (node:net:953:11)\n' +
    '    at WriteStream.Socket._write (node:net:965:8)\n' +
    '    at writeOrBuffer (node:internal/streams/writable:564:12)\n' +
    '    at _write (node:internal/streams/writable:493:10)\n' +
    '    at WriteStream.Writable.write (node:internal/streams/writable:502:10)\n' +
    '    at Console.log (C:\\Users\\SAMUAL HALDER\\personal-projects\\peer-interviewer-new\\be-ts\\node_modules\\winston\\lib\\winston\\transports\\console.js:87:23)\n' +
    '    at Console._write (C:\\Users\\SAMUAL HALDER\\personal-projects\\peer-interviewer-new\\be-ts\\node_modules\\winston-transport\\modern.js:82:19)\n' +
    '    at doWrite (C:\\Users\\SAMUAL HALDER\\personal-projects\\peer-interviewer-new\\be-ts\\node_modules\\readable-stream\\lib\\_stream_writable.js:390:139)',
  exception: true,
  date: 'Mon Jul 14 2025 11:36:08 GMT+0530 (India Standard Time)',
  process: {
    pid: 21240,
    uid: null,
    gid: null,
    cwd: 'C:\\Users\\SAMUAL HALDER\\personal-projects\\peer-interviewer-new\\be-ts',
    execPath: 'C:\\Program Files\\nodejs\\node.exe',
    version: 'v20.15.1',
    argv: [
      'C:\\Users\\SAMUAL HALDER\\personal-projects\\peer-interviewer-new\\be-ts\\node_modules\\ts-node\\dist\\bin.js',
      'C:\\Users\\SAMUAL HALDER\\personal-projects\\peer-interviewer-new\\be-ts\\src\\server.ts'
    ],
    memoryUsage: {
      rss: 245907456,
      heapTotal: 201891840,
      heapUsed: 173464648,
      external: 7651735,
      arrayBuffers: 4687800
    }
  },
  os: { loadavg: [ 0, 0, 0 ], uptime: 398100.25 },
  trace: [
    {
      column: 15,
      file: 'node:internal/stream_base_commons',
      function: 'afterWriteDispatched',
      line: 161,
      method: null,
      native: false
    },
    {
      column: 3,
      file: 'node:internal/stream_base_commons',
      function: 'writeGeneric',
      line: 152,
      method: null,
      native: false
    },
    {
      column: 11,
      file: 'node:net',
      function: 'WriteStream.Socket._writeGeneric',
      line: 953,
      method: '_writeGeneric',
      native: false
    },
    {
      column: 8,
      file: 'node:net',
      function: 'WriteStream.Socket._write',
      line: 965,
      method: '_write',
      native: false
    },
    {
      column: 12,
      file: 'node:internal/streams/writable',
      function: 'writeOrBuffer',
      line: 564,
      method: null,
      native: false
    },
    {
      column: 10,
      file: 'node:internal/streams/writable',
      function: '_write',
      line: 493,
      method: null,
      native: false
    },
    {
      column: 10,
      file: 'node:internal/streams/writable',
      function: 'WriteStream.Writable.write',
      line: 502,
      method: 'write',
      native: false
    },
    {
      column: 23,
      file: 'C:\\Users\\SAMUAL HALDER\\personal-projects\\peer-interviewer-new\\be-ts\\node_modules\\winston\\lib\\winston\\transports\\console.js',
      function: 'Console.log',
      line: 87,
      method: 'log',
      native: false
    },
    {
      column: 19,
      file: 'C:\\Users\\SAMUAL HALDER\\personal-projects\\peer-interviewer-new\\be-ts\\node_modules\\winston-transport\\modern.js',
      function: 'Console._write',
      line: 82,
      method: '_write',
      native: false
    },
    {
      column: 139,
      file: 'C:\\Users\\SAMUAL HALDER\\personal-projects\\peer-interviewer-new\\be-ts\\node_modules\\readable-stream\\lib\\_stream_writable.js',
      function: 'doWrite',
      line: 390,
      method: null,
      native: false
    }
  ],
  timestamp: 'Jul-14-2025 11:36:08'
}
{
  error: Error: write EPIPE
      at afterWriteDispatched (node:internal/stream_base_commons:161:15)
      at writeGeneric (node:internal/stream_base_commons:152:3)
      at WriteStream.Socket._writeGeneric (node:net:953:11)
      at WriteStream.Socket._write (node:net:965:8)
      at writeOrBuffer (node:internal/streams/writable:564:12)
      at _write (node:internal/streams/writable:493:10)
      at WriteStream.Writable.write (node:internal/streams/writable:502:10)
      at Console.log (C:\Users\SAMUAL HALDER\personal-projects\peer-interviewer-new\be-ts\node_modules\winston\lib\winston\transports\console.js:87:23)
      at ExceptionStream._write (C:\Users\SAMUAL HALDER\personal-projects\peer-interviewer-new\be-ts\node_modules\winston\lib\winston\exception-stream.js:48:29)
      at doWrite (C:\Users\SAMUAL HALDER\personal-projects\peer-interviewer-new\be-ts\node_modules\readable-stream\lib\_stream_writable.js:390:139) {
    errno: -4047,
    code: 'EPIPE',
    syscall: 'write'
  },
  level: 'error',
  message: 'uncaughtException: write EPIPE\n' +
    'Error: write EPIPE\n' +
    '    at afterWriteDispatched (node:internal/stream_base_commons:161:15)\n' +
    '    at writeGeneric (node:internal/stream_base_commons:152:3)\n' +
    '    at WriteStream.Socket._writeGeneric (node:net:953:11)\n' +
    '    at WriteStream.Socket._write (node:net:965:8)\n' +
    '    at writeOrBuffer (node:internal/streams/writable:564:12)\n' +
    '    at _write (node:internal/streams/writable:493:10)\n' +
    '    at WriteStream.Writable.write (node:internal/streams/writable:502:10)\n' +
    '    at Console.log (C:\\Users\\SAMUAL HALDER\\personal-projects\\peer-interviewer-new\\be-ts\\node_modules\\winston\\lib\\winston\\transports\\console.js:87:23)\n' +
    '    at ExceptionStream._write (C:\\Users\\SAMUAL HALDER\\personal-projects\\peer-interviewer-new\\be-ts\\node_modules\\winston\\lib\\winston\\exception-stream.js:48:29)\n' +
    '    at doWrite (C:\\Users\\SAMUAL HALDER\\personal-projects\\peer-interviewer-new\\be-ts\\node_modules\\readable-stream\\lib\\_stream_writable.js:390:139)',
  stack: 'Error: write EPIPE\n' +
    '    at afterWriteDispatched (node:internal/stream_base_commons:161:15)\n' +
    '    at writeGeneric (node:internal/stream_base_commons:152:3)\n' +
    '    at WriteStream.Socket._writeGeneric (node:net:953:11)\n' +
    '    at WriteStream.Socket._write (node:net:965:8)\n' +
    '    at writeOrBuffer (node:internal/streams/writable:564:12)\n' +
    '    at _write (node:internal/streams/writable:493:10)\n' +
    '    at WriteStream.Writable.write (node:internal/streams/writable:502:10)\n' +
    '    at Console.log (C:\\Users\\SAMUAL HALDER\\personal-projects\\peer-interviewer-new\\be-ts\\node_modules\\winston\\lib\\winston\\transports\\console.js:87:23)\n' +
    '    at ExceptionStream._write (C:\\Users\\SAMUAL HALDER\\personal-projects\\peer-interviewer-new\\be-ts\\node_modules\\winston\\lib\\winston\\exception-stream.js:48:29)\n' +
    '    at doWrite (C:\\Users\\SAMUAL HALDER\\personal-projects\\peer-interviewer-new\\be-ts\\node_modules\\readable-stream\\lib\\_stream_writable.js:390:139)',
  exception: true,
  date: 'Mon Jul 14 2025 11:36:08 GMT+0530 (India Standard Time)',
  process: {
    pid: 21240,
    uid: null,
    gid: null,
    cwd: 'C:\\Users\\SAMUAL HALDER\\personal-projects\\peer-interviewer-new\\be-ts',
    execPath: 'C:\\Program Files\\nodejs\\node.exe',
    version: 'v20.15.1',
    argv: [
      'C:\\Users\\SAMUAL HALDER\\personal-projects\\peer-interviewer-new\\be-ts\\node_modules\\ts-node\\dist\\bin.js',
      'C:\\Users\\SAMUAL HALDER\\personal-projects\\peer-interviewer-new\\be-ts\\src\\server.ts'
    ],
    memoryUsage: {
      rss: 246054912,
      heapTotal: 202153984,
      heapUsed: 173736584,
      external: 7657672,
      arrayBuffers: 4693697
    }
  },
  os: { loadavg: [ 0, 0, 0 ], uptime: 398100.265 },
  trace: [
    {
      column: 15,
      file: 'node:internal/stream_base_commons',
      function: 'afterWriteDispatched',
      line: 161,
      method: null,
      native: false
    },
    {
      column: 3,
      file: 'node:internal/stream_base_commons',
      function: 'writeGeneric',
      line: 152,
      method: null,
      native: false
    },
    {
      column: 11,
      file: 'node:net',
      function: 'WriteStream.Socket._writeGeneric',
      line: 953,
      method: '_writeGeneric',
      native: false
    },
    {
      column: 8,
      file: 'node:net',
      function: 'WriteStream.Socket._write',
      line: 965,
      method: '_write',
      native: false
    },
    {
      column: 12,
      file: 'node:internal/streams/writable',
      function: 'writeOrBuffer',
      line: 564,
      method: null,
      native: false
    },
    {
      column: 10,
      file: 'node:internal/streams/writable',
      function: '_write',
      line: 493,
      method: null,
      native: false
    },
    {
      column: 10,
      file: 'node:internal/streams/writable',
      function: 'WriteStream.Writable.write',
      line: 502,
      method: 'write',
      native: false
    },
    {
      column: 23,
      file: 'C:\\Users\\SAMUAL HALDER\\personal-projects\\peer-interviewer-new\\be-ts\\node_modules\\winston\\lib\\winston\\transports\\console.js',
      function: 'Console.log',
      line: 87,
      method: 'log',
      native: false
    },
    {
      column: 29,
      file: 'C:\\Users\\SAMUAL HALDER\\personal-projects\\peer-interviewer-new\\be-ts\\node_modules\\winston\\lib\\winston\\exception-stream.js',
      function: 'ExceptionStream._write',
      line: 48,
      method: '_write',
      native: false
    },
    {
      column: 139,
      file: 'C:\\Users\\SAMUAL HALDER\\personal-projects\\peer-interviewer-new\\be-ts\\node_modules\\readable-stream\\lib\\_stream_writable.js',
      function: 'doWrite',
      line: 390,
      method: null,
      native: false
    }
  ],
  timestamp: 'Jul-14-2025 11:36:08'
}
{
  error: Error: write EPIPE
      at afterWriteDispatched (node:internal/stream_base_commons:161:15)
      at writeGeneric (node:internal/stream_base_commons:152:3)
      at WriteStream.Socket._writeGeneric (node:net:953:11)
      at WriteStream.Socket._write (node:net:965:8)
      at writeOrBuffer (node:internal/streams/writable:564:12)
      at _write (node:internal/streams/writable:493:10)
      at WriteStream.Writable.write (node:internal/streams/writable:502:10)
      at Console.log (C:\Users\SAMUAL HALDER\personal-projects\peer-interviewer-new\be-ts\node_modules\winston\lib\winston\transports\console.js:87:23)
      at ExceptionStream._write (C:\Users\SAMUAL HALDER\personal-projects\peer-interviewer-new\be-ts\node_modules\winston\lib\winston\exception-stream.js:48:29)
      at doWrite (C:\Users\SAMUAL HALDER\personal-projects\peer-interviewer-new\be-ts\node_modules\readable-stream\lib\_stream_writable.js:390:139) {
    errno: -4047,
    code: 'EPIPE',
    syscall: 'write'
  },
  level: 'error',
  message: 'uncaughtException: write EPIPE\n' +
    'Error: write EPIPE\n' +
    '    at afterWriteDispatched (node:internal/stream_base_commons:161:15)\n' +
    '    at writeGeneric (node:internal/stream_base_commons:152:3)\n' +
    '    at WriteStream.Socket._writeGeneric (node:net:953:11)\n' +
    '    at WriteStream.Socket._write (node:net:965:8)\n' +
    '    at writeOrBuffer (node:internal/streams/writable:564:12)\n' +
    '    at _write (node:internal/streams/writable:493:10)\n' +
    '    at WriteStream.Writable.write (node:internal/streams/writable:502:10)\n' +
    '    at Console.log (C:\\Users\\SAMUAL HALDER\\personal-projects\\peer-interviewer-new\\be-ts\\node_modules\\winston\\lib\\winston\\transports\\console.js:87:23)\n' +
    '    at ExceptionStream._write (C:\\Users\\SAMUAL HALDER\\personal-projects\\peer-interviewer-new\\be-ts\\node_modules\\winston\\lib\\winston\\exception-stream.js:48:29)\n' +
    '    at doWrite (C:\\Users\\SAMUAL HALDER\\personal-projects\\peer-interviewer-new\\be-ts\\node_modules\\readable-stream\\lib\\_stream_writable.js:390:139)',
  stack: 'Error: write EPIPE\n' +
    '    at afterWriteDispatched (node:internal/stream_base_commons:161:15)\n' +
    '    at writeGeneric (node:internal/stream_base_commons:152:3)\n' +
    '    at WriteStream.Socket._writeGeneric (node:net:953:11)\n' +
    '    at WriteStream.Socket._write (node:net:965:8)\n' +
    '    at writeOrBuffer (node:internal/streams/writable:564:12)\n' +
    '    at _write (node:internal/streams/writable:493:10)\n' +
    '    at WriteStream.Writable.write (node:internal/streams/writable:502:10)\n' +
    '    at Console.log (C:\\Users\\SAMUAL HALDER\\personal-projects\\peer-interviewer-new\\be-ts\\node_modules\\winston\\lib\\winston\\transports\\console.js:87:23)\n' +
    '    at ExceptionStream._write (C:\\Users\\SAMUAL HALDER\\personal-projects\\peer-interviewer-new\\be-ts\\node_modules\\winston\\lib\\winston\\exception-stream.js:48:29)\n' +
    '    at doWrite (C:\\Users\\SAMUAL HALDER\\personal-projects\\peer-interviewer-new\\be-ts\\node_modules\\readable-stream\\lib\\_stream_writable.js:390:139)',
  exception: true,
  date: 'Mon Jul 14 2025 11:36:08 GMT+0530 (India Standard Time)',
  process: {
    pid: 21240,
    uid: null,
    gid: null,
    cwd: 'C:\\Users\\SAMUAL HALDER\\personal-projects\\peer-interviewer-new\\be-ts',
    execPath: 'C:\\Program Files\\nodejs\\node.exe',
    version: 'v20.15.1',
    argv: [
      'C:\\Users\\SAMUAL HALDER\\personal-projects\\peer-interviewer-new\\be-ts\\node_modules\\ts-node\\dist\\bin.js',
      'C:\\Users\\SAMUAL HALDER\\personal-projects\\peer-interviewer-new\\be-ts\\src\\server.ts'
    ],
    memoryUsage: {
      rss: 246112256,
      heapTotal: 202153984,
      heapUsed: 173949112,
      external: 7663632,
      arrayBuffers: 4699657
    }
  },
  os: { loadavg: [ 0, 0, 0 ], uptime: 398100.265 },
  trace: [
    {
      column: 15,
      file: 'node:internal/stream_base_commons',
      function: 'afterWriteDispatched',
      line: 161,
      method: null,
      native: false
    },
    {
      column: 3,
      file: 'node:internal/stream_base_commons',
      function: 'writeGeneric',
      line: 152,
      method: null,
      native: false
    },
    {
      column: 11,
      file: 'node:net',
      function: 'WriteStream.Socket._writeGeneric',
      line: 953,
      method: '_writeGeneric',
      native: false
    },
    {
      column: 8,
      file: 'node:net',
      function: 'WriteStream.Socket._write',
      line: 965,
      method: '_write',
      native: false
    },
    {
      column: 12,
      file: 'node:internal/streams/writable',
      function: 'writeOrBuffer',
      line: 564,
      method: null,
      native: false
    },
    {
      column: 10,
      file: 'node:internal/streams/writable',
      function: '_write',
      line: 493,
      method: null,
      native: false
    },
    {
      column: 10,
      file: 'node:internal/streams/writable',
      function: 'WriteStream.Writable.write',
      line: 502,
      method: 'write',
      native: false
    },
    {
      column: 23,
      file: 'C:\\Users\\SAMUAL HALDER\\personal-projects\\peer-interviewer-new\\be-ts\\node_modules\\winston\\lib\\winston\\transports\\console.js',
      function: 'Console.log',
      line: 87,
      method: 'log',
      native: false
    },
    {
      column: 29,
      file: 'C:\\Users\\SAMUAL HALDER\\personal-projects\\peer-interviewer-new\\be-ts\\node_modules\\winston\\lib\\winston\\exception-stream.js',
      function: 'ExceptionStream._write',
      line: 48,
      method: '_write',
      native: false
    },
    {
      column: 139,
      file: 'C:\\Users\\SAMUAL HALDER\\personal-projects\\peer-interviewer-new\\be-ts\\node_modules\\readable-stream\\lib\\_stream_writable.js',
      function: 'doWrite',
      line: 390,
      method: null,
      native: false
    }
  ],
  timestamp: 'Jul-14-2025 11:36:08'
}
{
  error: Error: write EPIPE
      at afterWriteDispatched (node:internal/stream_base_commons:161:15)
      at writeGeneric (node:internal/stream_base_commons:152:3)
      at WriteStream.Socket._writeGeneric (node:net:953:11)
      at WriteStream.Socket._write (node:net:965:8)
      at writeOrBuffer (node:internal/streams/writable:564:12)
      at _write (node:internal/streams/writable:493:10)
      at WriteStream.Writable.write (node:internal/streams/writable:502:10)
      at Console.log (C:\Users\SAMUAL HALDER\personal-projects\peer-interviewer-new\be-ts\node_modules\winston\lib\winston\transports\console.js:87:23)
      at ExceptionStream._write (C:\Users\SAMUAL HALDER\personal-projects\peer-interviewer-new\be-ts\node_modules\winston\lib\winston\exception-stream.js:48:29)
      at doWrite (C:\Users\SAMUAL HALDER\personal-projects\peer-interviewer-new\be-ts\node_modules\readable-stream\lib\_stream_writable.js:390:139) {
    errno: -4047,
    code: 'EPIPE',
    syscall: 'write'
  },
  level: 'error',
  message: 'uncaughtException: write EPIPE\n' +
    'Error: write EPIPE\n' +
    '    at afterWriteDispatched (node:internal/stream_base_commons:161:15)\n' +
    '    at writeGeneric (node:internal/stream_base_commons:152:3)\n' +
    '    at WriteStream.Socket._writeGeneric (node:net:953:11)\n' +
    '    at WriteStream.Socket._write (node:net:965:8)\n' +
    '    at writeOrBuffer (node:internal/streams/writable:564:12)\n' +
    '    at _write (node:internal/streams/writable:493:10)\n' +
    '    at WriteStream.Writable.write (node:internal/streams/writable:502:10)\n' +
    '    at Console.log (C:\\Users\\SAMUAL HALDER\\personal-projects\\peer-interviewer-new\\be-ts\\node_modules\\winston\\lib\\winston\\transports\\console.js:87:23)\n' +
    '    at ExceptionStream._write (C:\\Users\\SAMUAL HALDER\\personal-projects\\peer-interviewer-new\\be-ts\\node_modules\\winston\\lib\\winston\\exception-stream.js:48:29)\n' +
    '    at doWrite (C:\\Users\\SAMUAL HALDER\\personal-projects\\peer-interviewer-new\\be-ts\\node_modules\\readable-stream\\lib\\_stream_writable.js:390:139)',
  stack: 'Error: write EPIPE\n' +
    '    at afterWriteDispatched (node:internal/stream_base_commons:161:15)\n' +
    '    at writeGeneric (node:internal/stream_base_commons:152:3)\n' +
    '    at WriteStream.Socket._writeGeneric (node:net:953:11)\n' +
    '    at WriteStream.Socket._write (node:net:965:8)\n' +
    '    at writeOrBuffer (node:internal/streams/writable:564:12)\n' +
    '    at _write (node:internal/streams/writable:493:10)\n' +
    '    at WriteStream.Writable.write (node:internal/streams/writable:502:10)\n' +
    '    at Console.log (C:\\Users\\SAMUAL HALDER\\personal-projects\\peer-interviewer-new\\be-ts\\node_modules\\winston\\lib\\winston\\transports\\console.js:87:23)\n' +
    '    at ExceptionStream._write (C:\\Users\\SAMUAL HALDER\\personal-projects\\peer-interviewer-new\\be-ts\\node_modules\\winston\\lib\\winston\\exception-stream.js:48:29)\n' +
    '    at doWrite (C:\\Users\\SAMUAL HALDER\\personal-projects\\peer-interviewer-new\\be-ts\\node_modules\\readable-stream\\lib\\_stream_writable.js:390:139)',
  exception: true,
  date: 'Mon Jul 14 2025 11:36:08 GMT+0530 (India Standard Time)',
  process: {
    pid: 21240,
    uid: null,
    gid: null,
    cwd: 'C:\\Users\\SAMUAL HALDER\\personal-projects\\peer-interviewer-new\\be-ts',
    execPath: 'C:\\Program Files\\nodejs\\node.exe',
    version: 'v20.15.1',
    argv: [
      'C:\\Users\\SAMUAL HALDER\\personal-projects\\peer-interviewer-new\\be-ts\\node_modules\\ts-node\\dist\\bin.js',
      'C:\\Users\\SAMUAL HALDER\\personal-projects\\peer-interviewer-new\\be-ts\\src\\server.ts'
    ],
    memoryUsage: {
      rss: 246124544,
      heapTotal: 202153984,
      heapUsed: 174162072,
      external: 7669592,
      arrayBuffers: 4705617
    }
  },
  os: { loadavg: [ 0, 0, 0 ], uptime: 398100.265 },
  trace: [
    {
      column: 15,
      file: 'node:internal/stream_base_commons',
      function: 'afterWriteDispatched',
      line: 161,
      method: null,
      native: false
    },
    {
      column: 3,
      file: 'node:internal/stream_base_commons',
      function: 'writeGeneric',
      line: 152,
      method: null,
      native: false
    },
    {
      column: 11,
      file: 'node:net',
      function: 'WriteStream.Socket._writeGeneric',
      line: 953,
      method: '_writeGeneric',
      native: false
    },
    {
      column: 8,
      file: 'node:net',
      function: 'WriteStream.Socket._write',
      line: 965,
      method: '_write',
      native: false
    },
    {
      column: 12,
      file: 'node:internal/streams/writable',
      function: 'writeOrBuffer',
      line: 564,
      method: null,
      native: false
    },
    {
      column: 10,
      file: 'node:internal/streams/writable',
      function: '_write',
      line: 493,
      method: null,
      native: false
    },
    {
      column: 10,
      file: 'node:internal/streams/writable',
      function: 'WriteStream.Writable.write',
      line: 502,
      method: 'write',
      native: false
    },
    {
      column: 23,
      file: 'C:\\Users\\SAMUAL HALDER\\personal-projects\\peer-interviewer-new\\be-ts\\node_modules\\winston\\lib\\winston\\transports\\console.js',
      function: 'Console.log',
      line: 87,
      method: 'log',
      native: false
    },
    {
      column: 29,
      file: 'C:\\Users\\SAMUAL HALDER\\personal-projects\\peer-interviewer-new\\be-ts\\node_modules\\winston\\lib\\winston\\exception-stream.js',
      function: 'ExceptionStream._write',
      line: 48,
      method: '_write',
      native: false
    },
    {
      column: 139,
      file: 'C:\\Users\\SAMUAL HALDER\\personal-projects\\peer-interviewer-new\\be-ts\\node_modules\\readable-stream\\lib\\_stream_writable.js',
      function: 'doWrite',
      line: 390,
      method: null,
      native: false
    }
  ],
  timestamp: 'Jul-14-2025 11:36:08'
}
{
  error: Error: write EPIPE
      at afterWriteDispatched (node:internal/stream_base_commons:161:15)
      at writeGeneric (node:internal/stream_base_commons:152:3)
      at WriteStream.Socket._writeGeneric (node:net:953:11)
      at WriteStream.Socket._write (node:net:965:8)
      at writeOrBuffer (node:internal/streams/writable:564:12)
      at _write (node:internal/streams/writable:493:10)
      at WriteStream.Writable.write (node:internal/streams/writable:502:10)
      at Console.log (C:\Users\SAMUAL HALDER\personal-projects\peer-interviewer-new\be-ts\node_modules\winston\lib\winston\transports\console.js:87:23)
      at ExceptionStream._write (C:\Users\SAMUAL HALDER\personal-projects\peer-interviewer-new\be-ts\node_modules\winston\lib\winston\exception-stream.js:48:29)
      at doWrite (C:\Users\SAMUAL HALDER\personal-projects\peer-interviewer-new\be-ts\node_modules\readable-stream\lib\_stream_writable.js:390:139) {
    errno: -4047,
    code: 'EPIPE',
    syscall: 'write'
  },
  level: 'error',
  message: 'uncaughtException: write EPIPE\n' +
    'Error: write EPIPE\n' +
    '    at afterWriteDispatched (node:internal/stream_base_commons:161:15)\n' +
    '    at writeGeneric (node:internal/stream_base_commons:152:3)\n' +
    '    at WriteStream.Socket._writeGeneric (node:net:953:11)\n' +
    '    at WriteStream.Socket._write (node:net:965:8)\n' +
    '    at writeOrBuffer (node:internal/streams/writable:564:12)\n' +
    '    at _write (node:internal/streams/writable:493:10)\n' +
    '    at WriteStream.Writable.write (node:internal/streams/writable:502:10)\n' +
    '    at Console.log (C:\\Users\\SAMUAL HALDER\\personal-projects\\peer-interviewer-new\\be-ts\\node_modules\\winston\\lib\\winston\\transports\\console.js:87:23)\n' +
    '    at ExceptionStream._write (C:\\Users\\SAMUAL HALDER\\personal-projects\\peer-interviewer-new\\be-ts\\node_modules\\winston\\lib\\winston\\exception-stream.js:48:29)\n' +
    '    at doWrite (C:\\Users\\SAMUAL HALDER\\personal-projects\\peer-interviewer-new\\be-ts\\node_modules\\readable-stream\\lib\\_stream_writable.js:390:139)',
  stack: 'Error: write EPIPE\n' +
    '    at afterWriteDispatched (node:internal/stream_base_commons:161:15)\n' +
    '    at writeGeneric (node:internal/stream_base_commons:152:3)\n' +
    '    at WriteStream.Socket._writeGeneric (node:net:953:11)\n' +
    '    at WriteStream.Socket._write (node:net:965:8)\n' +
    '    at writeOrBuffer (node:internal/streams/writable:564:12)\n' +
    '    at _write (node:internal/streams/writable:493:10)\n' +
    '    at WriteStream.Writable.write (node:internal/streams/writable:502:10)\n' +
    '    at Console.log (C:\\Users\\SAMUAL HALDER\\personal-projects\\peer-interviewer-new\\be-ts\\node_modules\\winston\\lib\\winston\\transports\\console.js:87:23)\n' +
    '    at ExceptionStream._write (C:\\Users\\SAMUAL HALDER\\personal-projects\\peer-interviewer-new\\be-ts\\node_modules\\winston\\lib\\winston\\exception-stream.js:48:29)\n' +
    '    at doWrite (C:\\Users\\SAMUAL HALDER\\personal-projects\\peer-interviewer-new\\be-ts\\node_modules\\readable-stream\\lib\\_stream_writable.js:390:139)',
  exception: true,
  date: 'Mon Jul 14 2025 11:36:08 GMT+0530 (India Standard Time)',
  process: {
    pid: 21240,
    uid: null,
    gid: null,
    cwd: 'C:\\Users\\SAMUAL HALDER\\personal-projects\\peer-interviewer-new\\be-ts',
    execPath: 'C:\\Program Files\\nodejs\\node.exe',
    version: 'v20.15.1',
    argv: [
      'C:\\Users\\SAMUAL HALDER\\personal-projects\\peer-interviewer-new\\be-ts\\node_modules\\ts-node\\dist\\bin.js',
      'C:\\Users\\SAMUAL HALDER\\personal-projects\\peer-interviewer-new\\be-ts\\src\\server.ts'
    ],
    memoryUsage: {
      rss: 246140928,
      heapTotal: 202153984,
      heapUsed: 174373104,
      external: 7675552,
      arrayBuffers: 4711577
    }
  },
  os: { loadavg: [ 0, 0, 0 ], uptime: 398100.265 },
  trace: [
    {
      column: 15,
      file: 'node:internal/stream_base_commons',
      function: 'afterWriteDispatched',
      line: 161,
      method: null,
      native: false
    },
    {
      column: 3,
      file: 'node:internal/stream_base_commons',
      function: 'writeGeneric',
      line: 152,
      method: null,
      native: false
    },
    {
      column: 11,
      file: 'node:net',
      function: 'WriteStream.Socket._writeGeneric',
      line: 953,
      method: '_writeGeneric',
      native: false
    },
    {
      column: 8,
      file: 'node:net',
      function: 'WriteStream.Socket._write',
      line: 965,
      method: '_write',
      native: false
    },
    {
      column: 12,
      file: 'node:internal/streams/writable',
      function: 'writeOrBuffer',
      line: 564,
      method: null,
      native: false
    },
    {
      column: 10,
      file: 'node:internal/streams/writable',
      function: '_write',
      line: 493,
      method: null,
      native: false
    },
    {
      column: 10,
      file: 'node:internal/streams/writable',
      function: 'WriteStream.Writable.write',
      line: 502,
      method: 'write',
      native: false
    },
    {
      column: 23,
      file: 'C:\\Users\\SAMUAL HALDER\\personal-projects\\peer-interviewer-new\\be-ts\\node_modules\\winston\\lib\\winston\\transports\\console.js',
      function: 'Console.log',
      line: 87,
      method: 'log',
      native: false
    },
    {
      column: 29,
      file: 'C:\\Users\\SAMUAL HALDER\\personal-projects\\peer-interviewer-new\\be-ts\\node_modules\\winston\\lib\\winston\\exception-stream.js',
      function: 'ExceptionStream._write',
      line: 48,
      method: '_write',
      native: false
    },
    {
      column: 139,
      file: 'C:\\Users\\SAMUAL HALDER\\personal-projects\\peer-interviewer-new\\be-ts\\node_modules\\readable-stream\\lib\\_stream_writable.js',
      function: 'doWrite',
      line: 390,
      method: null,
      native: false
    }
  ],
  timestamp: 'Jul-14-2025 11:36:08'
}
{
  error: Error: write EPIPE
      at afterWriteDispatched (node:internal/stream_base_commons:161:15)
      at writeGeneric (node:internal/stream_base_commons:152:3)
      at WriteStream.Socket._writeGeneric (node:net:953:11)
      at WriteStream.Socket._write (node:net:965:8)
      at writeOrBuffer (node:internal/streams/writable:564:12)
      at _write (node:internal/streams/writable:493:10)
      at WriteStream.Writable.write (node:internal/streams/writable:502:10)
      at Console.log (C:\Users\SAMUAL HALDER\personal-projects\peer-interviewer-new\be-ts\node_modules\winston\lib\winston\transports\console.js:87:23)
      at ExceptionStream._write (C:\Users\SAMUAL HALDER\personal-projects\peer-interviewer-new\be-ts\node_modules\winston\lib\winston\exception-stream.js:48:29)
      at doWrite (C:\Users\SAMUAL HALDER\personal-projects\peer-interviewer-new\be-ts\node_modules\readable-stream\lib\_stream_writable.js:390:139) {
    errno: -4047,
    code: 'EPIPE',
    syscall: 'write'
  },
  level: 'error',
  message: 'uncaughtException: write EPIPE\n' +
    'Error: write EPIPE\n' +
    '    at afterWriteDispatched (node:internal/stream_base_commons:161:15)\n' +
    '    at writeGeneric (node:internal/stream_base_commons:152:3)\n' +
    '    at WriteStream.Socket._writeGeneric (node:net:953:11)\n' +
    '    at WriteStream.Socket._write (node:net:965:8)\n' +
    '    at writeOrBuffer (node:internal/streams/writable:564:12)\n' +
    '    at _write (node:internal/streams/writable:493:10)\n' +
    '    at WriteStream.Writable.write (node:internal/streams/writable:502:10)\n' +
    '    at Console.log (C:\\Users\\SAMUAL HALDER\\personal-projects\\peer-interviewer-new\\be-ts\\node_modules\\winston\\lib\\winston\\transports\\console.js:87:23)\n' +
    '    at ExceptionStream._write (C:\\Users\\SAMUAL HALDER\\personal-projects\\peer-interviewer-new\\be-ts\\node_modules\\winston\\lib\\winston\\exception-stream.js:48:29)\n' +
    '    at doWrite (C:\\Users\\SAMUAL HALDER\\personal-projects\\peer-interviewer-new\\be-ts\\node_modules\\readable-stream\\lib\\_stream_writable.js:390:139)',
  stack: 'Error: write EPIPE\n' +
    '    at afterWriteDispatched (node:internal/stream_base_commons:161:15)\n' +
    '    at writeGeneric (node:internal/stream_base_commons:152:3)\n' +
    '    at WriteStream.Socket._writeGeneric (node:net:953:11)\n' +
    '    at WriteStream.Socket._write (node:net:965:8)\n' +
    '    at writeOrBuffer (node:internal/streams/writable:564:12)\n' +
    '    at _write (node:internal/streams/writable:493:10)\n' +
    '    at WriteStream.Writable.write (node:internal/streams/writable:502:10)\n' +
    '    at Console.log (C:\\Users\\SAMUAL HALDER\\personal-projects\\peer-interviewer-new\\be-ts\\node_modules\\winston\\lib\\winston\\transports\\console.js:87:23)\n' +
    '    at ExceptionStream._write (C:\\Users\\SAMUAL HALDER\\personal-projects\\peer-interviewer-new\\be-ts\\node_modules\\winston\\lib\\winston\\exception-stream.js:48:29)\n' +
    '    at doWrite (C:\\Users\\SAMUAL HALDER\\personal-projects\\peer-interviewer-new\\be-ts\\node_modules\\readable-stream\\lib\\_stream_writable.js:390:139)',
  exception: true,
  date: 'Mon Jul 14 2025 11:36:08 GMT+0530 (India Standard Time)',
  process: {
    pid: 21240,
    uid: null,
    gid: null,
    cwd: 'C:\\Users\\SAMUAL HALDER\\personal-projects\\peer-interviewer-new\\be-ts',
    execPath: 'C:\\Program Files\\nodejs\\node.exe',
    version: 'v20.15.1',
    argv: [
      'C:\\Users\\SAMUAL HALDER\\personal-projects\\peer-interviewer-new\\be-ts\\node_modules\\ts-node\\dist\\bin.js',
      'C:\\Users\\SAMUAL HALDER\\personal-projects\\peer-interviewer-new\\be-ts\\src\\server.ts'
    ],
    memoryUsage: {
      rss: 246149120,
      heapTotal: 202153984,
      heapUsed: 174806224,
      external: 7681512,
      arrayBuffers: 4717537
    }
  },
  os: { loadavg: [ 0, 0, 0 ], uptime: 398100.265 },
  trace: [
    {
      column: 15,
      file: 'node:internal/stream_base_commons',
      function: 'afterWriteDispatched',
      line: 161,
      method: null,
      native: false
    },
    {
      column: 3,
      file: 'node:internal/stream_base_commons',
      function: 'writeGeneric',
      line: 152,
      method: null,
      native: false
    },
    {
      column: 11,
      file: 'node:net',
      function: 'WriteStream.Socket._writeGeneric',
      line: 953,
      method: '_writeGeneric',
      native: false
    },
    {
      column: 8,
      file: 'node:net',
      function: 'WriteStream.Socket._write',
      line: 965,
      method: '_write',
      native: false
    },
    {
      column: 12,
      file: 'node:internal/streams/writable',
      function: 'writeOrBuffer',
      line: 564,
      method: null,
      native: false
    },
    {
      column: 10,
      file: 'node:internal/streams/writable',
      function: '_write',
      line: 493,
      method: null,
      native: false
    },
    {
      column: 10,
      file: 'node:internal/streams/writable',
      function: 'WriteStream.Writable.write',
      line: 502,
      method: 'write',
      native: false
    },
    {
      column: 23,
      file: 'C:\\Users\\SAMUAL HALDER\\personal-projects\\peer-interviewer-new\\be-ts\\node_modules\\winston\\lib\\winston\\transports\\console.js',
      function: 'Console.log',
      line: 87,
      method: 'log',
      native: false
    },
    {
      column: 29,
      file: 'C:\\Users\\SAMUAL HALDER\\personal-projects\\peer-interviewer-new\\be-ts\\node_modules\\winston\\lib\\winston\\exception-stream.js',
      function: 'ExceptionStream._write',
      line: 48,
      method: '_write',
      native: false
    },
    {
      column: 139,
      file: 'C:\\Users\\SAMUAL HALDER\\personal-projects\\peer-interviewer-new\\be-ts\\node_modules\\readable-stream\\lib\\_stream_writable.js',
      function: 'doWrite',
      line: 390,
      method: null,
      native: false
    }
  ],
  timestamp: 'Jul-14-2025 11:36:08'
}
{
  error: Error: write EPIPE
      at afterWriteDispatched (node:internal/stream_base_commons:161:15)
      at writeGeneric (node:internal/stream_base_commons:152:3)
      at WriteStream.Socket._writeGeneric (node:net:953:11)
      at WriteStream.Socket._write (node:net:965:8)
      at writeOrBuffer (node:internal/streams/writable:564:12)
      at _write (node:internal/streams/writable:493:10)
      at WriteStream.Writable.write (node:internal/streams/writable:502:10)
      at Console.log (C:\Users\SAMUAL HALDER\personal-projects\peer-interviewer-new\be-ts\node_modules\winston\lib\winston\transports\console.js:87:23)
      at ExceptionStream._write (C:\Users\SAMUAL HALDER\personal-projects\peer-interviewer-new\be-ts\node_modules\winston\lib\winston\exception-stream.js:48:29)
      at doWrite (C:\Users\SAMUAL HALDER\personal-projects\peer-interviewer-new\be-ts\node_modules\readable-stream\lib\_stream_writable.js:390:139) {
    errno: -4047,
    code: 'EPIPE',
    syscall: 'write'
  },
  level: 'error',
  message: 'uncaughtException: write EPIPE\n' +
    'Error: write EPIPE\n' +
    '    at afterWriteDispatched (node:internal/stream_base_commons:161:15)\n' +
    '    at writeGeneric (node:internal/stream_base_commons:152:3)\n' +
    '    at WriteStream.Socket._writeGeneric (node:net:953:11)\n' +
    '    at WriteStream.Socket._write (node:net:965:8)\n' +
    '    at writeOrBuffer (node:internal/streams/writable:564:12)\n' +
    '    at _write (node:internal/streams/writable:493:10)\n' +
    '    at WriteStream.Writable.write (node:internal/streams/writable:502:10)\n' +
    '    at Console.log (C:\\Users\\SAMUAL HALDER\\personal-projects\\peer-interviewer-new\\be-ts\\node_modules\\winston\\lib\\winston\\transports\\console.js:87:23)\n' +
    '    at ExceptionStream._write (C:\\Users\\SAMUAL HALDER\\personal-projects\\peer-interviewer-new\\be-ts\\node_modules\\winston\\lib\\winston\\exception-stream.js:48:29)\n' +
    '    at doWrite (C:\\Users\\SAMUAL HALDER\\personal-projects\\peer-interviewer-new\\be-ts\\node_modules\\readable-stream\\lib\\_stream_writable.js:390:139)',
  stack: 'Error: write EPIPE\n' +
    '    at afterWriteDispatched (node:internal/stream_base_commons:161:15)\n' +
    '    at writeGeneric (node:internal/stream_base_commons:152:3)\n' +
    '    at WriteStream.Socket._writeGeneric (node:net:953:11)\n' +
    '    at WriteStream.Socket._write (node:net:965:8)\n' +
    '    at writeOrBuffer (node:internal/streams/writable:564:12)\n' +
    '    at _write (node:internal/streams/writable:493:10)\n' +
    '    at WriteStream.Writable.write (node:internal/streams/writable:502:10)\n' +
    '    at Console.log (C:\\Users\\SAMUAL HALDER\\personal-projects\\peer-interviewer-new\\be-ts\\node_modules\\winston\\lib\\winston\\transports\\console.js:87:23)\n' +
    '    at ExceptionStream._write (C:\\Users\\SAMUAL HALDER\\personal-projects\\peer-interviewer-new\\be-ts\\node_modules\\winston\\lib\\winston\\exception-stream.js:48:29)\n' +
    '    at doWrite (C:\\Users\\SAMUAL HALDER\\personal-projects\\peer-interviewer-new\\be-ts\\node_modules\\readable-stream\\lib\\_stream_writable.js:390:139)',
  exception: true,
  date: 'Mon Jul 14 2025 11:36:08 GMT+0530 (India Standard Time)',
  process: {
    pid: 21240,
    uid: null,
    gid: null,
    cwd: 'C:\\Users\\SAMUAL HALDER\\personal-projects\\peer-interviewer-new\\be-ts',
    execPath: 'C:\\Program Files\\nodejs\\node.exe',
    version: 'v20.15.1',
    argv: [
      'C:\\Users\\SAMUAL HALDER\\personal-projects\\peer-interviewer-new\\be-ts\\node_modules\\ts-node\\dist\\bin.js',
      'C:\\Users\\SAMUAL HALDER\\personal-projects\\peer-interviewer-new\\be-ts\\src\\server.ts'
    ],
    memoryUsage: {
      rss: 246165504,
      heapTotal: 202153984,
      heapUsed: 175014376,
      external: 7687472,
      arrayBuffers: 4723497
    }
  },
  os: { loadavg: [ 0, 0, 0 ], uptime: 398100.281 },
  trace: [
    {
      column: 15,
      file: 'node:internal/stream_base_commons',
      function: 'afterWriteDispatched',
      line: 161,
      method: null,
      native: false
    },
    {
      column: 3,
      file: 'node:internal/stream_base_commons',
      function: 'writeGeneric',
      line: 152,
      method: null,
      native: false
    },
    {
      column: 11,
      file: 'node:net',
      function: 'WriteStream.Socket._writeGeneric',
      line: 953,
      method: '_writeGeneric',
      native: false
    },
    {
      column: 8,
      file: 'node:net',
      function: 'WriteStream.Socket._write',
      line: 965,
      method: '_write',
      native: false
    },
    {
      column: 12,
      file: 'node:internal/streams/writable',
      function: 'writeOrBuffer',
      line: 564,
      method: null,
      native: false
    },
    {
      column: 10,
      file: 'node:internal/streams/writable',
      function: '_write',
      line: 493,
      method: null,
      native: false
    },
    {
      column: 10,
      file: 'node:internal/streams/writable',
      function: 'WriteStream.Writable.write',
      line: 502,
      method: 'write',
      native: false
    },
    {
      column: 23,
      file: 'C:\\Users\\SAMUAL HALDER\\personal-projects\\peer-interviewer-new\\be-ts\\node_modules\\winston\\lib\\winston\\transports\\console.js',
      function: 'Console.log',
      line: 87,
      method: 'log',
      native: false
    },
    {
      column: 29,
      file: 'C:\\Users\\SAMUAL HALDER\\personal-projects\\peer-interviewer-new\\be-ts\\node_modules\\winston\\lib\\winston\\exception-stream.js',
      function: 'ExceptionStream._write',
      line: 48,
      method: '_write',
      native: false
    },
    {
      column: 139,
      file: 'C:\\Users\\SAMUAL HALDER\\personal-projects\\peer-interviewer-new\\be-ts\\node_modules\\readable-stream\\lib\\_stream_writable.js',
      function: 'doWrite',
      line: 390,
      method: null,
      native: false
    }
  ],
  timestamp: 'Jul-14-2025 11:36:08'
}
{
  error: Error: write EPIPE
      at afterWriteDispatched (node:internal/stream_base_commons:161:15)
      at writeGeneric (node:internal/stream_base_commons:152:3)
      at WriteStream.Socket._writeGeneric (node:net:953:11)
      at WriteStream.Socket._write (node:net:965:8)
      at writeOrBuffer (node:internal/streams/writable:564:12)
      at _write (node:internal/streams/writable:493:10)
      at WriteStream.Writable.write (node:internal/streams/writable:502:10)
      at Console.log (C:\Users\SAMUAL HALDER\personal-projects\peer-interviewer-new\be-ts\node_modules\winston\lib\winston\transports\console.js:87:23)
      at ExceptionStream._write (C:\Users\SAMUAL HALDER\personal-projects\peer-interviewer-new\be-ts\node_modules\winston\lib\winston\exception-stream.js:48:29)
      at doWrite (C:\Users\SAMUAL HALDER\personal-projects\peer-interviewer-new\be-ts\node_modules\readable-stream\lib\_stream_writable.js:390:139) {
    errno: -4047,
    code: 'EPIPE',
    syscall: 'write'
  },
  level: 'error',
  message: 'uncaughtException: write EPIPE\n' +
    'Error: write EPIPE\n' +
    '    at afterWriteDispatched (node:internal/stream_base_commons:161:15)\n' +
    '    at writeGeneric (node:internal/stream_base_commons:152:3)\n' +
    '    at WriteStream.Socket._writeGeneric (node:net:953:11)\n' +
    '    at WriteStream.Socket._write (node:net:965:8)\n' +
    '    at writeOrBuffer (node:internal/streams/writable:564:12)\n' +
    '    at _write (node:internal/streams/writable:493:10)\n' +
    '    at WriteStream.Writable.write (node:internal/streams/writable:502:10)\n' +
    '    at Console.log (C:\\Users\\SAMUAL HALDER\\personal-projects\\peer-interviewer-new\\be-ts\\node_modules\\winston\\lib\\winston\\transports\\console.js:87:23)\n' +
    '    at ExceptionStream._write (C:\\Users\\SAMUAL HALDER\\personal-projects\\peer-interviewer-new\\be-ts\\node_modules\\winston\\lib\\winston\\exception-stream.js:48:29)\n' +
    '    at doWrite (C:\\Users\\SAMUAL HALDER\\personal-projects\\peer-interviewer-new\\be-ts\\node_modules\\readable-stream\\lib\\_stream_writable.js:390:139)',
  stack: 'Error: write EPIPE\n' +
    '    at afterWriteDispatched (node:internal/stream_base_commons:161:15)\n' +
    '    at writeGeneric (node:internal/stream_base_commons:152:3)\n' +
    '    at WriteStream.Socket._writeGeneric (node:net:953:11)\n' +
    '    at WriteStream.Socket._write (node:net:965:8)\n' +
    '    at writeOrBuffer (node:internal/streams/writable:564:12)\n' +
    '    at _write (node:internal/streams/writable:493:10)\n' +
    '    at WriteStream.Writable.write (node:internal/streams/writable:502:10)\n' +
    '    at Console.log (C:\\Users\\SAMUAL HALDER\\personal-projects\\peer-interviewer-new\\be-ts\\node_modules\\winston\\lib\\winston\\transports\\console.js:87:23)\n' +
    '    at ExceptionStream._write (C:\\Users\\SAMUAL HALDER\\personal-projects\\peer-interviewer-new\\be-ts\\node_modules\\winston\\lib\\winston\\exception-stream.js:48:29)\n' +
    '    at doWrite (C:\\Users\\SAMUAL HALDER\\personal-projects\\peer-interviewer-new\\be-ts\\node_modules\\readable-stream\\lib\\_stream_writable.js:390:139)',
  exception: true,
  date: 'Mon Jul 14 2025 11:36:08 GMT+0530 (India Standard Time)',
  process: {
    pid: 21240,
    uid: null,
    gid: null,
    cwd: 'C:\\Users\\SAMUAL HALDER\\personal-projects\\peer-interviewer-new\\be-ts',
    execPath: 'C:\\Program Files\\nodejs\\node.exe',
    version: 'v20.15.1',
    argv: [
      'C:\\Users\\SAMUAL HALDER\\personal-projects\\peer-interviewer-new\\be-ts\\node_modules\\ts-node\\dist\\bin.js',
      'C:\\Users\\SAMUAL HALDER\\personal-projects\\peer-interviewer-new\\be-ts\\src\\server.ts'
    ],
    memoryUsage: {
      rss: 246214656,
      heapTotal: 202153984,
      heapUsed: 175231064,
      external: 7687472,
      arrayBuffers: 4723497
    }
  },
  os: { loadavg: [ 0, 0, 0 ], uptime: 398100.281 },
  trace: [
    {
      column: 15,
      file: 'node:internal/stream_base_commons',
      function: 'afterWriteDispatched',
      line: 161,
      method: null,
      native: false
    },
    {
      column: 3,
      file: 'node:internal/stream_base_commons',
      function: 'writeGeneric',
      line: 152,
      method: null,
      native: false
    },
    {
      column: 11,
      file: 'node:net',
      function: 'WriteStream.Socket._writeGeneric',
      line: 953,
      method: '_writeGeneric',
      native: false
    },
    {
      column: 8,
      file: 'node:net',
      function: 'WriteStream.Socket._write',
      line: 965,
      method: '_write',
      native: false
    },
    {
      column: 12,
      file: 'node:internal/streams/writable',
      function: 'writeOrBuffer',
      line: 564,
      method: null,
      native: false
    },
    {
      column: 10,
      file: 'node:internal/streams/writable',
      function: '_write',
      line: 493,
      method: null,
      native: false
    },
    {
      column: 10,
      file: 'node:internal/streams/writable',
      function: 'WriteStream.Writable.write',
      line: 502,
      method: 'write',
      native: false
    },
    {
      column: 23,
      file: 'C:\\Users\\SAMUAL HALDER\\personal-projects\\peer-interviewer-new\\be-ts\\node_modules\\winston\\lib\\winston\\transports\\console.js',
      function: 'Console.log',
      line: 87,
      method: 'log',
      native: false
    },
    {
      column: 29,
      file: 'C:\\Users\\SAMUAL HALDER\\personal-projects\\peer-interviewer-new\\be-ts\\node_modules\\winston\\lib\\winston\\exception-stream.js',
      function: 'ExceptionStream._write',
      line: 48,
      method: '_write',
      native: false
    },
    {
      column: 139,
      file: 'C:\\Users\\SAMUAL HALDER\\personal-projects\\peer-interviewer-new\\be-ts\\node_modules\\readable-stream\\lib\\_stream_writable.js',
      function: 'doWrite',
      line: 390,
      method: null,
      native: false
    }
  ],
  timestamp: 'Jul-14-2025 11:36:08'
}
{
  error: Error: write EPIPE
      at afterWriteDispatched (node:internal/stream_base_commons:161:15)
      at writeGeneric (node:internal/stream_base_commons:152:3)
      at WriteStream.Socket._writeGeneric (node:net:953:11)
      at WriteStream.Socket._write (node:net:965:8)
      at writeOrBuffer (node:internal/streams/writable:564:12)
      at _write (node:internal/streams/writable:493:10)
      at WriteStream.Writable.write (node:internal/streams/writable:502:10)
      at Console.log (C:\Users\SAMUAL HALDER\personal-projects\peer-interviewer-new\be-ts\node_modules\winston\lib\winston\transports\console.js:87:23)
      at ExceptionStream._write (C:\Users\SAMUAL HALDER\personal-projects\peer-interviewer-new\be-ts\node_modules\winston\lib\winston\exception-stream.js:48:29)
      at doWrite (C:\Users\SAMUAL HALDER\personal-projects\peer-interviewer-new\be-ts\node_modules\readable-stream\lib\_stream_writable.js:390:139) {
    errno: -4047,
    code: 'EPIPE',
    syscall: 'write'
  },
  level: 'error',
  message: 'uncaughtException: write EPIPE\n' +
    'Error: write EPIPE\n' +
    '    at afterWriteDispatched (node:internal/stream_base_commons:161:15)\n' +
    '    at writeGeneric (node:internal/stream_base_commons:152:3)\n' +
    '    at WriteStream.Socket._writeGeneric (node:net:953:11)\n' +
    '    at WriteStream.Socket._write (node:net:965:8)\n' +
    '    at writeOrBuffer (node:internal/streams/writable:564:12)\n' +
    '    at _write (node:internal/streams/writable:493:10)\n' +
    '    at WriteStream.Writable.write (node:internal/streams/writable:502:10)\n' +
    '    at Console.log (C:\\Users\\SAMUAL HALDER\\personal-projects\\peer-interviewer-new\\be-ts\\node_modules\\winston\\lib\\winston\\transports\\console.js:87:23)\n' +
    '    at ExceptionStream._write (C:\\Users\\SAMUAL HALDER\\personal-projects\\peer-interviewer-new\\be-ts\\node_modules\\winston\\lib\\winston\\exception-stream.js:48:29)\n' +
    '    at doWrite (C:\\Users\\SAMUAL HALDER\\personal-projects\\peer-interviewer-new\\be-ts\\node_modules\\readable-stream\\lib\\_stream_writable.js:390:139)',
  stack: 'Error: write EPIPE\n' +
    '    at afterWriteDispatched (node:internal/stream_base_commons:161:15)\n' +
    '    at writeGeneric (node:internal/stream_base_commons:152:3)\n' +
    '    at WriteStream.Socket._writeGeneric (node:net:953:11)\n' +
    '    at WriteStream.Socket._write (node:net:965:8)\n' +
    '    at writeOrBuffer (node:internal/streams/writable:564:12)\n' +
    '    at _write (node:internal/streams/writable:493:10)\n' +
    '    at WriteStream.Writable.write (node:internal/streams/writable:502:10)\n' +
    '    at Console.log (C:\\Users\\SAMUAL HALDER\\personal-projects\\peer-interviewer-new\\be-ts\\node_modules\\winston\\lib\\winston\\transports\\console.js:87:23)\n' +
    '    at ExceptionStream._write (C:\\Users\\SAMUAL HALDER\\personal-projects\\peer-interviewer-new\\be-ts\\node_modules\\winston\\lib\\winston\\exception-stream.js:48:29)\n' +
    '    at doWrite (C:\\Users\\SAMUAL HALDER\\personal-projects\\peer-interviewer-new\\be-ts\\node_modules\\readable-stream\\lib\\_stream_writable.js:390:139)',
  exception: true,
  date: 'Mon Jul 14 2025 11:36:08 GMT+0530 (India Standard Time)',
  process: {
    pid: 21240,
    uid: null,
    gid: null,
    cwd: 'C:\\Users\\SAMUAL HALDER\\personal-projects\\peer-interviewer-new\\be-ts',
    execPath: 'C:\\Program Files\\nodejs\\node.exe',
    version: 'v20.15.1',
    argv: [
      'C:\\Users\\SAMUAL HALDER\\personal-projects\\peer-interviewer-new\\be-ts\\node_modules\\ts-node\\dist\\bin.js',
      'C:\\Users\\SAMUAL HALDER\\personal-projects\\peer-interviewer-new\\be-ts\\src\\server.ts'
    ],
    memoryUsage: {
      rss: 246218752,
      heapTotal: 202153984,
      heapUsed: 175438280,
      external: 7687472,
      arrayBuffers: 4723497
    }
  },
  os: { loadavg: [ 0, 0, 0 ], uptime: 398100.281 },
  trace: [
    {
      column: 15,
      file: 'node:internal/stream_base_commons',
      function: 'afterWriteDispatched',
      line: 161,
      method: null,
      native: false
    },
    {
      column: 3,
      file: 'node:internal/stream_base_commons',
      function: 'writeGeneric',
      line: 152,
      method: null,
      native: false
    },
    {
      column: 11,
      file: 'node:net',
      function: 'WriteStream.Socket._writeGeneric',
      line: 953,
      method: '_writeGeneric',
      native: false
    },
    {
      column: 8,
      file: 'node:net',
      function: 'WriteStream.Socket._write',
      line: 965,
      method: '_write',
      native: false
    },
    {
      column: 12,
      file: 'node:internal/streams/writable',
      function: 'writeOrBuffer',
      line: 564,
      method: null,
      native: false
    },
    {
      column: 10,
      file: 'node:internal/streams/writable',
      function: '_write',
      line: 493,
      method: null,
      native: false
    },
    {
      column: 10,
      file: 'node:internal/streams/writable',
      function: 'WriteStream.Writable.write',
      line: 502,
      method: 'write',
      native: false
    },
    {
      column: 23,
      file: 'C:\\Users\\SAMUAL HALDER\\personal-projects\\peer-interviewer-new\\be-ts\\node_modules\\winston\\lib\\winston\\transports\\console.js',
      function: 'Console.log',
      line: 87,
      method: 'log',
      native: false
    },
    {
      column: 29,
      file: 'C:\\Users\\SAMUAL HALDER\\personal-projects\\peer-interviewer-new\\be-ts\\node_modules\\winston\\lib\\winston\\exception-stream.js',
      function: 'ExceptionStream._write',
      line: 48,
      method: '_write',
      native: false
    },
    {
      column: 139,
      file: 'C:\\Users\\SAMUAL HALDER\\personal-projects\\peer-interviewer-new\\be-ts\\node_modules\\readable-stream\\lib\\_stream_writable.js',
      function: 'doWrite',
      line: 390,
      method: null,
      native: false
    }
  ],
  timestamp: 'Jul-14-2025 11:36:08'
}
